#
# There is insufficient memory for the Java Runtime Environment to continue.
# Native memory allocation (malloc) failed to allocate 1029216 bytes for Chunk::new
# Possible reasons:
#   The system is out of physical RAM or swap space
#   The process is running with CompressedOops enabled, and the Java Heap may be blocking the growth of the native heap
# Possible solutions:
#   Reduce memory load on the system
#   Increase physical memory or swap space
#   Check if swap backing store is full
#   Decrease Java heap size (-Xmx/-Xms)
#   Decrease number of Java threads
#   Decrease Java thread stack sizes (-Xss)
#   Set larger code cache with -XX:ReservedCodeCacheSize=
#   JVM is running with Zero Based Compressed Oops mode in which the Java heap is
#     placed in the first 32GB address space. The Java Heap base address is the
#     maximum limit for the native heap growth. Please use -XX:HeapBaseMinAddress
#     to set the Java Heap base and to place the Java Heap above 32GB virtual address.
# This output file may be truncated or incomplete.
#
#  Out of Memory Error (arena.cpp:189), pid=2728, tid=11812
#
# JRE version: OpenJDK Runtime Environment (17.0.1+12) (build 17.0.1+12-39)
# Java VM: OpenJDK 64-Bit Server VM (17.0.1+12-39, mixed mode, sharing, tiered, compressed oops, compressed class ptrs, g1 gc, windows-amd64)
# No core dump will be written. Minidumps are not enabled by default on client versions of Windows
#

---------------  S U M M A R Y ------------

Command Line: -javaagent:D:\IntelliJ IDEA 2022.3\lib\idea_rt.jar=59714:D:\IntelliJ IDEA 2022.3\bin -Dfile.encoding=UTF-8 org.example.App

Host: AMD Ryzen 7 4800H with Radeon Graphics         , 16 cores, 15G,  Windows 10 , 64 bit Build 19041 (10.0.19041.1806)
Time: Thu Jul  6 23:49:08 2023  Windows 10 , 64 bit Build 19041 (10.0.19041.1806) elapsed time: 3.428383 seconds (0d 0h 0m 3s)

---------------  T H R E A D  ---------------

Current thread (0x000001b46aaba840):  JavaThread "C2 CompilerThread0" daemon [_thread_in_native, id=11812, stack(0x00000001c6400000,0x00000001c6500000)]


Current CompileTask:
C2:   3428 2854   !   4       sun.net.www.protocol.http.HttpURLConnection::getInputStream0 (2059 bytes)

Stack: [0x00000001c6400000,0x00000001c6500000]
Native frames: (J=compiled Java code, j=interpreted, Vv=VM code, C=native code)
V  [jvm.dll+0x66fa1a]
V  [jvm.dll+0x7ce5a4]
V  [jvm.dll+0x7cfd4e]
V  [jvm.dll+0x7d03b3]
V  [jvm.dll+0x242b05]
V  [jvm.dll+0xaa05b]
V  [jvm.dll+0xaa5ec]
V  [jvm.dll+0x2a953f]
V  [jvm.dll+0x5785a9]
V  [jvm.dll+0x21dd7d]
V  [jvm.dll+0x21e15f]
V  [jvm.dll+0x217a2a]
V  [jvm.dll+0x214f05]
V  [jvm.dll+0x1a168d]
V  [jvm.dll+0x224848]
V  [jvm.dll+0x2229ac]
V  [jvm.dll+0x78435b]
V  [jvm.dll+0x77e91a]
V  [jvm.dll+0x66e845]
C  [ucrtbase.dll+0x21bb2]
C  [KERNEL32.DLL+0x17034]
C  [ntdll.dll+0x52651]


---------------  P R O C E S S  ---------------

Threads class SMR info:
_java_thread_list=0x000001b46d40c8a0, length=18, elements={
0x000001b44784cca0, 0x000001b46aa9c8a0, 0x000001b46aa9d420, 0x000001b46aab77e0,
0x000001b46aab90b0, 0x000001b46aab9970, 0x000001b46aabd020, 0x000001b46aaba840,
0x000001b46aabbf30, 0x000001b46aac2490, 0x000001b46b4daf90, 0x000001b46b4df670,
0x000001b46b698a60, 0x000001b46b697270, 0x000001b46b97fa30, 0x000001b46b97ff40,
0x000001b46bd45110, 0x000001b46cee9620
}

Java Threads: ( => current thread )
  0x000001b44784cca0 JavaThread "main" [_thread_in_native, id=4828, stack(0x00000001c5700000,0x00000001c5800000)]
  0x000001b46aa9c8a0 JavaThread "Reference Handler" daemon [_thread_blocked, id=5104, stack(0x00000001c5e00000,0x00000001c5f00000)]
  0x000001b46aa9d420 JavaThread "Finalizer" daemon [_thread_blocked, id=1068, stack(0x00000001c5f00000,0x00000001c6000000)]
  0x000001b46aab77e0 JavaThread "Signal Dispatcher" daemon [_thread_blocked, id=18516, stack(0x00000001c6000000,0x00000001c6100000)]
  0x000001b46aab90b0 JavaThread "Attach Listener" daemon [_thread_blocked, id=20172, stack(0x00000001c6100000,0x00000001c6200000)]
  0x000001b46aab9970 JavaThread "Service Thread" daemon [_thread_blocked, id=16216, stack(0x00000001c6200000,0x00000001c6300000)]
  0x000001b46aabd020 JavaThread "Monitor Deflation Thread" daemon [_thread_blocked, id=1248, stack(0x00000001c6300000,0x00000001c6400000)]
=>0x000001b46aaba840 JavaThread "C2 CompilerThread0" daemon [_thread_in_native, id=11812, stack(0x00000001c6400000,0x00000001c6500000)]
  0x000001b46aabbf30 JavaThread "C1 CompilerThread0" daemon [_thread_blocked, id=7036, stack(0x00000001c6500000,0x00000001c6600000)]
  0x000001b46aac2490 JavaThread "Sweeper thread" daemon [_thread_blocked, id=20252, stack(0x00000001c6600000,0x00000001c6700000)]
  0x000001b46b4daf90 JavaThread "Common-Cleaner" daemon [_thread_blocked, id=16816, stack(0x00000001c6700000,0x00000001c6800000)]
  0x000001b46b4df670 JavaThread "C1 CompilerThread1" daemon [_thread_blocked, id=17700, stack(0x00000001c6800000,0x00000001c6900000)]
  0x000001b46b698a60 JavaThread "Monitor Ctrl-Break" daemon [_thread_in_native, id=14600, stack(0x00000001c6a00000,0x00000001c6b00000)]
  0x000001b46b697270 JavaThread "Notification Thread" daemon [_thread_blocked, id=1800, stack(0x00000001c6b00000,0x00000001c6c00000)]
  0x000001b46b97fa30 JavaThread "C1 CompilerThread2" daemon [_thread_blocked, id=12696, stack(0x00000001c6d00000,0x00000001c6e00000)]
  0x000001b46b97ff40 JavaThread "C1 CompilerThread3" daemon [_thread_blocked, id=7328, stack(0x00000001c6e00000,0x00000001c6f00000)]
  0x000001b46bd45110 JavaThread "Keep-Alive-Timer" daemon [_thread_blocked, id=4872, stack(0x00000001c6900000,0x00000001c6a00000)]
  0x000001b46cee9620 JavaThread "C2 CompilerThread1" daemon [_thread_in_native, id=8256, stack(0x00000001c7500000,0x00000001c7600000)]

Other Threads:
  0x000001b46aa976f0 VMThread "VM Thread" [stack: 0x00000001c5d00000,0x00000001c5e00000] [id=4364]
  0x000001b46b63b330 WatcherThread [stack: 0x00000001c6c00000,0x00000001c6d00000] [id=7244]
  0x000001b44789ae70 GCTaskThread "GC Thread#0" [stack: 0x00000001c5800000,0x00000001c5900000] [id=2596]
  0x000001b46bc2cfc0 GCTaskThread "GC Thread#1" [stack: 0x00000001c6f00000,0x00000001c7000000] [id=9984]
  0x000001b46bc2ca60 GCTaskThread "GC Thread#2" [stack: 0x00000001c7000000,0x00000001c7100000] [id=4200]
  0x000001b46bc2dd30 GCTaskThread "GC Thread#3" [stack: 0x00000001c7100000,0x00000001c7200000] [id=7192]
  0x000001b46bc2da80 GCTaskThread "GC Thread#4" [stack: 0x00000001c7200000,0x00000001c7300000] [id=11576]
  0x000001b46bc2e290 GCTaskThread "GC Thread#5" [stack: 0x00000001c7300000,0x00000001c7400000] [id=7008]
  0x000001b46bc2dfe0 GCTaskThread "GC Thread#6" [stack: 0x00000001c7400000,0x00000001c7500000] [id=17680]
  0x000001b46bc2d270 GCTaskThread "GC Thread#7" [stack: 0x00000001c7600000,0x00000001c7700000] [id=9704]
  0x000001b46bc2d520 GCTaskThread "GC Thread#8" [stack: 0x00000001c7700000,0x00000001c7800000] [id=940]
  0x000001b4478ac2a0 ConcurrentGCThread "G1 Main Marker" [stack: 0x00000001c5900000,0x00000001c5a00000] [id=5596]
  0x000001b4478acbc0 ConcurrentGCThread "G1 Conc#0" [stack: 0x00000001c5a00000,0x00000001c5b00000] [id=19168]
  0x000001b44792e430 ConcurrentGCThread "G1 Refine#0" [stack: 0x00000001c5b00000,0x00000001c5c00000] [id=19004]
  0x000001b44792ec60 ConcurrentGCThread "G1 Service" [stack: 0x00000001c5c00000,0x00000001c5d00000] [id=12716]

Threads with active compile tasks:
C2 CompilerThread0     3442 2854   !   4       sun.net.www.protocol.http.HttpURLConnection::getInputStream0 (2059 bytes)
C2 CompilerThread1     3442 3006       4       sun.net.www.MessageHeader::mergeHeader (382 bytes)

VM state: not at safepoint (normal execution)

VM Mutex/Monitor currently owned by a thread: None

Heap address: 0x000000070a200000, size: 3934 MB, Compressed Oops mode: Zero based, Oop shift amount: 3

CDS archive(s) mapped at: [0x0000000800000000-0x0000000800bc0000-0x0000000800bc0000), size 12320768, SharedBaseAddress: 0x0000000800000000, ArchiveRelocationMode: 0.
Compressed class space mapped at: 0x0000000800c00000-0x0000000840c00000, reserved size: 1073741824
Narrow klass base: 0x0000000800000000, Narrow klass shift: 0, Narrow klass range: 0x100000000

GC Precious Log:
 CPUs: 16 total, 16 available
 Memory: 15732M
 Large Page Support: Disabled
 NUMA Support: Disabled
 Compressed Oops: Enabled (Zero based)
 Heap Region Size: 2M
 Heap Min Capacity: 8M
 Heap Initial Capacity: 246M
 Heap Max Capacity: 3934M
 Pre-touch: Disabled
 Parallel Workers: 13
 Concurrent Workers: 3
 Concurrent Refinement Workers: 13
 Periodic GC: Disabled

Heap:
 garbage-first heap   total 251904K, used 36361K [0x000000070a200000, 0x0000000800000000)
  region size 2048K, 19 young (38912K), 2 survivors (4096K)
 Metaspace       used 8910K, committed 9088K, reserved 1064960K
  class space    used 793K, committed 896K, reserved 1048576K

Heap Regions: E=young(eden), S=young(survivor), O=old, HS=humongous(starts), HC=humongous(continues), CS=collection set, F=free, OA=open archive, CA=closed archive, TAMS=top-at-mark-start (previous, next)
|   0|0x000000070a200000, 0x000000070a200000, 0x000000070a400000|  0%| F|  |TAMS 0x000000070a200000, 0x000000070a200000| Untracked 
|   1|0x000000070a400000, 0x000000070a400000, 0x000000070a600000|  0%| F|  |TAMS 0x000000070a400000, 0x000000070a400000| Untracked 
|   2|0x000000070a600000, 0x000000070a600000, 0x000000070a800000|  0%| F|  |TAMS 0x000000070a600000, 0x000000070a600000| Untracked 
|   3|0x000000070a800000, 0x000000070a800000, 0x000000070aa00000|  0%| F|  |TAMS 0x000000070a800000, 0x000000070a800000| Untracked 
|   4|0x000000070aa00000, 0x000000070aa00000, 0x000000070ac00000|  0%| F|  |TAMS 0x000000070aa00000, 0x000000070aa00000| Untracked 
|   5|0x000000070ac00000, 0x000000070ac00000, 0x000000070ae00000|  0%| F|  |TAMS 0x000000070ac00000, 0x000000070ac00000| Untracked 
|   6|0x000000070ae00000, 0x000000070ae00000, 0x000000070b000000|  0%| F|  |TAMS 0x000000070ae00000, 0x000000070ae00000| Untracked 
|   7|0x000000070b000000, 0x000000070b000000, 0x000000070b200000|  0%| F|  |TAMS 0x000000070b000000, 0x000000070b000000| Untracked 
|   8|0x000000070b200000, 0x000000070b200000, 0x000000070b400000|  0%| F|  |TAMS 0x000000070b200000, 0x000000070b200000| Untracked 
|   9|0x000000070b400000, 0x000000070b400000, 0x000000070b600000|  0%| F|  |TAMS 0x000000070b400000, 0x000000070b400000| Untracked 
|  10|0x000000070b600000, 0x000000070b600000, 0x000000070b800000|  0%| F|  |TAMS 0x000000070b600000, 0x000000070b600000| Untracked 
|  11|0x000000070b800000, 0x000000070b800000, 0x000000070ba00000|  0%| F|  |TAMS 0x000000070b800000, 0x000000070b800000| Untracked 
|  12|0x000000070ba00000, 0x000000070ba00000, 0x000000070bc00000|  0%| F|  |TAMS 0x000000070ba00000, 0x000000070ba00000| Untracked 
|  13|0x000000070bc00000, 0x000000070bc00000, 0x000000070be00000|  0%| F|  |TAMS 0x000000070bc00000, 0x000000070bc00000| Untracked 
|  14|0x000000070be00000, 0x000000070be00000, 0x000000070c000000|  0%| F|  |TAMS 0x000000070be00000, 0x000000070be00000| Untracked 
|  15|0x000000070c000000, 0x000000070c000000, 0x000000070c200000|  0%| F|  |TAMS 0x000000070c000000, 0x000000070c000000| Untracked 
|  16|0x000000070c200000, 0x000000070c200000, 0x000000070c400000|  0%| F|  |TAMS 0x000000070c200000, 0x000000070c200000| Untracked 
|  17|0x000000070c400000, 0x000000070c400000, 0x000000070c600000|  0%| F|  |TAMS 0x000000070c400000, 0x000000070c400000| Untracked 
|  18|0x000000070c600000, 0x000000070c600000, 0x000000070c800000|  0%| F|  |TAMS 0x000000070c600000, 0x000000070c600000| Untracked 
|  19|0x000000070c800000, 0x000000070c800000, 0x000000070ca00000|  0%| F|  |TAMS 0x000000070c800000, 0x000000070c800000| Untracked 
|  20|0x000000070ca00000, 0x000000070ca00000, 0x000000070cc00000|  0%| F|  |TAMS 0x000000070ca00000, 0x000000070ca00000| Untracked 
|  21|0x000000070cc00000, 0x000000070cc00000, 0x000000070ce00000|  0%| F|  |TAMS 0x000000070cc00000, 0x000000070cc00000| Untracked 
|  22|0x000000070ce00000, 0x000000070ce00000, 0x000000070d000000|  0%| F|  |TAMS 0x000000070ce00000, 0x000000070ce00000| Untracked 
|  23|0x000000070d000000, 0x000000070d000000, 0x000000070d200000|  0%| F|  |TAMS 0x000000070d000000, 0x000000070d000000| Untracked 
|  24|0x000000070d200000, 0x000000070d200000, 0x000000070d400000|  0%| F|  |TAMS 0x000000070d200000, 0x000000070d200000| Untracked 
|  25|0x000000070d400000, 0x000000070d400000, 0x000000070d600000|  0%| F|  |TAMS 0x000000070d400000, 0x000000070d400000| Untracked 
|  26|0x000000070d600000, 0x000000070d600000, 0x000000070d800000|  0%| F|  |TAMS 0x000000070d600000, 0x000000070d600000| Untracked 
|  27|0x000000070d800000, 0x000000070d800000, 0x000000070da00000|  0%| F|  |TAMS 0x000000070d800000, 0x000000070d800000| Untracked 
|  28|0x000000070da00000, 0x000000070da00000, 0x000000070dc00000|  0%| F|  |TAMS 0x000000070da00000, 0x000000070da00000| Untracked 
|  29|0x000000070dc00000, 0x000000070dc00000, 0x000000070de00000|  0%| F|  |TAMS 0x000000070dc00000, 0x000000070dc00000| Untracked 
|  30|0x000000070de00000, 0x000000070de00000, 0x000000070e000000|  0%| F|  |TAMS 0x000000070de00000, 0x000000070de00000| Untracked 
|  31|0x000000070e000000, 0x000000070e000000, 0x000000070e200000|  0%| F|  |TAMS 0x000000070e000000, 0x000000070e000000| Untracked 
|  32|0x000000070e200000, 0x000000070e200000, 0x000000070e400000|  0%| F|  |TAMS 0x000000070e200000, 0x000000070e200000| Untracked 
|  33|0x000000070e400000, 0x000000070e400000, 0x000000070e600000|  0%| F|  |TAMS 0x000000070e400000, 0x000000070e400000| Untracked 
|  34|0x000000070e600000, 0x000000070e600000, 0x000000070e800000|  0%| F|  |TAMS 0x000000070e600000, 0x000000070e600000| Untracked 
|  35|0x000000070e800000, 0x000000070e800000, 0x000000070ea00000|  0%| F|  |TAMS 0x000000070e800000, 0x000000070e800000| Untracked 
|  36|0x000000070ea00000, 0x000000070ea00000, 0x000000070ec00000|  0%| F|  |TAMS 0x000000070ea00000, 0x000000070ea00000| Untracked 
|  37|0x000000070ec00000, 0x000000070ec00000, 0x000000070ee00000|  0%| F|  |TAMS 0x000000070ec00000, 0x000000070ec00000| Untracked 
|  38|0x000000070ee00000, 0x000000070ee00000, 0x000000070f000000|  0%| F|  |TAMS 0x000000070ee00000, 0x000000070ee00000| Untracked 
|  39|0x000000070f000000, 0x000000070f000000, 0x000000070f200000|  0%| F|  |TAMS 0x000000070f000000, 0x000000070f000000| Untracked 
|  40|0x000000070f200000, 0x000000070f200000, 0x000000070f400000|  0%| F|  |TAMS 0x000000070f200000, 0x000000070f200000| Untracked 
|  41|0x000000070f400000, 0x000000070f400000, 0x000000070f600000|  0%| F|  |TAMS 0x000000070f400000, 0x000000070f400000| Untracked 
|  42|0x000000070f600000, 0x000000070f600000, 0x000000070f800000|  0%| F|  |TAMS 0x000000070f600000, 0x000000070f600000| Untracked 
|  43|0x000000070f800000, 0x000000070f800000, 0x000000070fa00000|  0%| F|  |TAMS 0x000000070f800000, 0x000000070f800000| Untracked 
|  44|0x000000070fa00000, 0x000000070fa00000, 0x000000070fc00000|  0%| F|  |TAMS 0x000000070fa00000, 0x000000070fa00000| Untracked 
|  45|0x000000070fc00000, 0x000000070fc00000, 0x000000070fe00000|  0%| F|  |TAMS 0x000000070fc00000, 0x000000070fc00000| Untracked 
|  46|0x000000070fe00000, 0x000000070fe00000, 0x0000000710000000|  0%| F|  |TAMS 0x000000070fe00000, 0x000000070fe00000| Untracked 
|  47|0x0000000710000000, 0x0000000710000000, 0x0000000710200000|  0%| F|  |TAMS 0x0000000710000000, 0x0000000710000000| Untracked 
|  48|0x0000000710200000, 0x0000000710200000, 0x0000000710400000|  0%| F|  |TAMS 0x0000000710200000, 0x0000000710200000| Untracked 
|  49|0x0000000710400000, 0x0000000710400000, 0x0000000710600000|  0%| F|  |TAMS 0x0000000710400000, 0x0000000710400000| Untracked 
|  50|0x0000000710600000, 0x0000000710600000, 0x0000000710800000|  0%| F|  |TAMS 0x0000000710600000, 0x0000000710600000| Untracked 
|  51|0x0000000710800000, 0x0000000710800000, 0x0000000710a00000|  0%| F|  |TAMS 0x0000000710800000, 0x0000000710800000| Untracked 
|  52|0x0000000710a00000, 0x0000000710a00000, 0x0000000710c00000|  0%| F|  |TAMS 0x0000000710a00000, 0x0000000710a00000| Untracked 
|  53|0x0000000710c00000, 0x0000000710c00000, 0x0000000710e00000|  0%| F|  |TAMS 0x0000000710c00000, 0x0000000710c00000| Untracked 
|  54|0x0000000710e00000, 0x0000000710e00000, 0x0000000711000000|  0%| F|  |TAMS 0x0000000710e00000, 0x0000000710e00000| Untracked 
|  55|0x0000000711000000, 0x0000000711000000, 0x0000000711200000|  0%| F|  |TAMS 0x0000000711000000, 0x0000000711000000| Untracked 
|  56|0x0000000711200000, 0x0000000711200000, 0x0000000711400000|  0%| F|  |TAMS 0x0000000711200000, 0x0000000711200000| Untracked 
|  57|0x0000000711400000, 0x0000000711400000, 0x0000000711600000|  0%| F|  |TAMS 0x0000000711400000, 0x0000000711400000| Untracked 
|  58|0x0000000711600000, 0x0000000711600000, 0x0000000711800000|  0%| F|  |TAMS 0x0000000711600000, 0x0000000711600000| Untracked 
|  59|0x0000000711800000, 0x0000000711800000, 0x0000000711a00000|  0%| F|  |TAMS 0x0000000711800000, 0x0000000711800000| Untracked 
|  60|0x0000000711a00000, 0x0000000711a00000, 0x0000000711c00000|  0%| F|  |TAMS 0x0000000711a00000, 0x0000000711a00000| Untracked 
|  61|0x0000000711c00000, 0x0000000711c00000, 0x0000000711e00000|  0%| F|  |TAMS 0x0000000711c00000, 0x0000000711c00000| Untracked 
|  62|0x0000000711e00000, 0x0000000711e00000, 0x0000000712000000|  0%| F|  |TAMS 0x0000000711e00000, 0x0000000711e00000| Untracked 
|  63|0x0000000712000000, 0x0000000712000000, 0x0000000712200000|  0%| F|  |TAMS 0x0000000712000000, 0x0000000712000000| Untracked 
|  64|0x0000000712200000, 0x0000000712200000, 0x0000000712400000|  0%| F|  |TAMS 0x0000000712200000, 0x0000000712200000| Untracked 
|  65|0x0000000712400000, 0x0000000712400000, 0x0000000712600000|  0%| F|  |TAMS 0x0000000712400000, 0x0000000712400000| Untracked 
|  66|0x0000000712600000, 0x0000000712600000, 0x0000000712800000|  0%| F|  |TAMS 0x0000000712600000, 0x0000000712600000| Untracked 
|  67|0x0000000712800000, 0x0000000712800000, 0x0000000712a00000|  0%| F|  |TAMS 0x0000000712800000, 0x0000000712800000| Untracked 
|  68|0x0000000712a00000, 0x0000000712a00000, 0x0000000712c00000|  0%| F|  |TAMS 0x0000000712a00000, 0x0000000712a00000| Untracked 
|  69|0x0000000712c00000, 0x0000000712c00000, 0x0000000712e00000|  0%| F|  |TAMS 0x0000000712c00000, 0x0000000712c00000| Untracked 
|  70|0x0000000712e00000, 0x0000000712e00000, 0x0000000713000000|  0%| F|  |TAMS 0x0000000712e00000, 0x0000000712e00000| Untracked 
|  71|0x0000000713000000, 0x0000000713000000, 0x0000000713200000|  0%| F|  |TAMS 0x0000000713000000, 0x0000000713000000| Untracked 
|  72|0x0000000713200000, 0x0000000713200000, 0x0000000713400000|  0%| F|  |TAMS 0x0000000713200000, 0x0000000713200000| Untracked 
|  73|0x0000000713400000, 0x0000000713400000, 0x0000000713600000|  0%| F|  |TAMS 0x0000000713400000, 0x0000000713400000| Untracked 
|  74|0x0000000713600000, 0x0000000713600000, 0x0000000713800000|  0%| F|  |TAMS 0x0000000713600000, 0x0000000713600000| Untracked 
|  75|0x0000000713800000, 0x0000000713800000, 0x0000000713a00000|  0%| F|  |TAMS 0x0000000713800000, 0x0000000713800000| Untracked 
|  76|0x0000000713a00000, 0x0000000713a00000, 0x0000000713c00000|  0%| F|  |TAMS 0x0000000713a00000, 0x0000000713a00000| Untracked 
|  77|0x0000000713c00000, 0x0000000713c00000, 0x0000000713e00000|  0%| F|  |TAMS 0x0000000713c00000, 0x0000000713c00000| Untracked 
|  78|0x0000000713e00000, 0x0000000713e00000, 0x0000000714000000|  0%| F|  |TAMS 0x0000000713e00000, 0x0000000713e00000| Untracked 
|  79|0x0000000714000000, 0x0000000714000000, 0x0000000714200000|  0%| F|  |TAMS 0x0000000714000000, 0x0000000714000000| Untracked 
|  80|0x0000000714200000, 0x0000000714200000, 0x0000000714400000|  0%| F|  |TAMS 0x0000000714200000, 0x0000000714200000| Untracked 
|  81|0x0000000714400000, 0x0000000714400000, 0x0000000714600000|  0%| F|  |TAMS 0x0000000714400000, 0x0000000714400000| Untracked 
|  82|0x0000000714600000, 0x0000000714600000, 0x0000000714800000|  0%| F|  |TAMS 0x0000000714600000, 0x0000000714600000| Untracked 
|  83|0x0000000714800000, 0x0000000714800000, 0x0000000714a00000|  0%| F|  |TAMS 0x0000000714800000, 0x0000000714800000| Untracked 
|  84|0x0000000714a00000, 0x0000000714a00000, 0x0000000714c00000|  0%| F|  |TAMS 0x0000000714a00000, 0x0000000714a00000| Untracked 
|  85|0x0000000714c00000, 0x0000000714c00000, 0x0000000714e00000|  0%| F|  |TAMS 0x0000000714c00000, 0x0000000714c00000| Untracked 
|  86|0x0000000714e00000, 0x0000000714e00000, 0x0000000715000000|  0%| F|  |TAMS 0x0000000714e00000, 0x0000000714e00000| Untracked 
|  87|0x0000000715000000, 0x0000000715000000, 0x0000000715200000|  0%| F|  |TAMS 0x0000000715000000, 0x0000000715000000| Untracked 
|  88|0x0000000715200000, 0x0000000715200000, 0x0000000715400000|  0%| F|  |TAMS 0x0000000715200000, 0x0000000715200000| Untracked 
|  89|0x0000000715400000, 0x0000000715400000, 0x0000000715600000|  0%| F|  |TAMS 0x0000000715400000, 0x0000000715400000| Untracked 
|  90|0x0000000715600000, 0x0000000715600000, 0x0000000715800000|  0%| F|  |TAMS 0x0000000715600000, 0x0000000715600000| Untracked 
|  91|0x0000000715800000, 0x0000000715800000, 0x0000000715a00000|  0%| F|  |TAMS 0x0000000715800000, 0x0000000715800000| Untracked 
|  92|0x0000000715a00000, 0x0000000715a00000, 0x0000000715c00000|  0%| F|  |TAMS 0x0000000715a00000, 0x0000000715a00000| Untracked 
|  93|0x0000000715c00000, 0x0000000715c00000, 0x0000000715e00000|  0%| F|  |TAMS 0x0000000715c00000, 0x0000000715c00000| Untracked 
|  94|0x0000000715e00000, 0x0000000715e00000, 0x0000000716000000|  0%| F|  |TAMS 0x0000000715e00000, 0x0000000715e00000| Untracked 
|  95|0x0000000716000000, 0x0000000716000000, 0x0000000716200000|  0%| F|  |TAMS 0x0000000716000000, 0x0000000716000000| Untracked 
|  96|0x0000000716200000, 0x0000000716200000, 0x0000000716400000|  0%| F|  |TAMS 0x0000000716200000, 0x0000000716200000| Untracked 
|  97|0x0000000716400000, 0x0000000716400000, 0x0000000716600000|  0%| F|  |TAMS 0x0000000716400000, 0x0000000716400000| Untracked 
|  98|0x0000000716600000, 0x0000000716600000, 0x0000000716800000|  0%| F|  |TAMS 0x0000000716600000, 0x0000000716600000| Untracked 
|  99|0x0000000716800000, 0x0000000716800000, 0x0000000716a00000|  0%| F|  |TAMS 0x0000000716800000, 0x0000000716800000| Untracked 
| 100|0x0000000716a00000, 0x0000000716b82600, 0x0000000716c00000| 75%| S|CS|TAMS 0x0000000716a00000, 0x0000000716a00000| Complete 
| 101|0x0000000716c00000, 0x0000000716e00000, 0x0000000716e00000|100%| S|CS|TAMS 0x0000000716c00000, 0x0000000716c00000| Complete 
| 102|0x0000000716e00000, 0x0000000716e00000, 0x0000000717000000|  0%| F|  |TAMS 0x0000000716e00000, 0x0000000716e00000| Untracked 
| 103|0x0000000717000000, 0x0000000717000000, 0x0000000717200000|  0%| F|  |TAMS 0x0000000717000000, 0x0000000717000000| Untracked 
| 104|0x0000000717200000, 0x0000000717200000, 0x0000000717400000|  0%| F|  |TAMS 0x0000000717200000, 0x0000000717200000| Untracked 
| 105|0x0000000717400000, 0x0000000717400000, 0x0000000717600000|  0%| F|  |TAMS 0x0000000717400000, 0x0000000717400000| Untracked 
| 106|0x0000000717600000, 0x0000000717704010, 0x0000000717800000| 50%| E|  |TAMS 0x0000000717600000, 0x0000000717600000| Complete 
| 107|0x0000000717800000, 0x0000000717a00000, 0x0000000717a00000|100%| E|CS|TAMS 0x0000000717800000, 0x0000000717800000| Complete 
| 108|0x0000000717a00000, 0x0000000717c00000, 0x0000000717c00000|100%| E|CS|TAMS 0x0000000717a00000, 0x0000000717a00000| Complete 
| 109|0x0000000717c00000, 0x0000000717e00000, 0x0000000717e00000|100%| E|CS|TAMS 0x0000000717c00000, 0x0000000717c00000| Complete 
| 110|0x0000000717e00000, 0x0000000718000000, 0x0000000718000000|100%| E|CS|TAMS 0x0000000717e00000, 0x0000000717e00000| Complete 
| 111|0x0000000718000000, 0x0000000718200000, 0x0000000718200000|100%| E|CS|TAMS 0x0000000718000000, 0x0000000718000000| Complete 
| 112|0x0000000718200000, 0x0000000718400000, 0x0000000718400000|100%| E|CS|TAMS 0x0000000718200000, 0x0000000718200000| Complete 
| 113|0x0000000718400000, 0x0000000718600000, 0x0000000718600000|100%| E|CS|TAMS 0x0000000718400000, 0x0000000718400000| Complete 
| 114|0x0000000718600000, 0x0000000718800000, 0x0000000718800000|100%| E|CS|TAMS 0x0000000718600000, 0x0000000718600000| Complete 
| 115|0x0000000718800000, 0x0000000718a00000, 0x0000000718a00000|100%| E|CS|TAMS 0x0000000718800000, 0x0000000718800000| Complete 
| 116|0x0000000718a00000, 0x0000000718c00000, 0x0000000718c00000|100%| E|CS|TAMS 0x0000000718a00000, 0x0000000718a00000| Complete 
| 117|0x0000000718c00000, 0x0000000718e00000, 0x0000000718e00000|100%| E|CS|TAMS 0x0000000718c00000, 0x0000000718c00000| Complete 
| 118|0x0000000718e00000, 0x0000000719000000, 0x0000000719000000|100%| E|CS|TAMS 0x0000000718e00000, 0x0000000718e00000| Complete 
| 119|0x0000000719000000, 0x0000000719200000, 0x0000000719200000|100%| E|CS|TAMS 0x0000000719000000, 0x0000000719000000| Complete 
| 120|0x0000000719200000, 0x0000000719400000, 0x0000000719400000|100%| E|CS|TAMS 0x0000000719200000, 0x0000000719200000| Complete 
| 121|0x0000000719400000, 0x0000000719600000, 0x0000000719600000|100%| E|CS|TAMS 0x0000000719400000, 0x0000000719400000| Complete 
| 122|0x0000000719600000, 0x0000000719800000, 0x0000000719800000|100%| E|CS|TAMS 0x0000000719600000, 0x0000000719600000| Complete 

Card table byte_map: [0x000001b45f0a0000,0x000001b45f850000] _byte_map_base: 0x000001b45b84f000

Marking Bits (Prev, Next): (CMBitMap*) 0x000001b44789c3a0, (CMBitMap*) 0x000001b44789c3e0
 Prev Bits: [0x000001b460000000, 0x000001b463d78000)
 Next Bits: [0x000001b463d80000, 0x000001b467af8000)

Polling page: 0x000001b445820000

Metaspace:

Usage:
  Non-class:      7.93 MB used.
      Class:    793.30 KB used.
       Both:      8.70 MB used.

Virtual space:
  Non-class space:       16.00 MB reserved,       8.00 MB ( 50%) committed,  2 nodes.
      Class space:        1.00 GB reserved,     896.00 KB ( <1%) committed,  1 nodes.
             Both:        1.02 GB reserved,       8.88 MB ( <1%) committed. 

Chunk freelists:
   Non-Class:  3.09 MB
       Class:  3.17 MB
        Both:  6.27 MB

MaxMetaspaceSize: unlimited
CompressedClassSpaceSize: 1.00 GB
Initial GC threshold: 21.00 MB
Current GC threshold: 21.00 MB
CDS: on
MetaspaceReclaimPolicy: balanced
 - commit_granule_bytes: 65536.
 - commit_granule_words: 8192.
 - virtual_space_node_default_size: 1048576.
 - enlarge_chunks_in_place: 1.
 - new_chunks_are_fully_committed: 0.
 - uncommit_free_chunks: 1.
 - use_allocation_guard: 0.
 - handle_deallocations: 1.


Internal statistics:

num_allocs_failed_limit: 0.
num_arena_births: 58.
num_arena_deaths: 0.
num_vsnodes_births: 3.
num_vsnodes_deaths: 0.
num_space_committed: 142.
num_space_uncommitted: 0.
num_chunks_returned_to_freelist: 0.
num_chunks_taken_from_freelist: 299.
num_chunk_merges: 0.
num_chunk_splits: 214.
num_chunks_enlarged: 180.
num_purges: 0.
num_inconsistent_stats: 0.

CodeHeap 'non-profiled nmethods': size=119168Kb used=1027Kb max_used=1027Kb free=118140Kb
 bounds [0x000001b456bf0000, 0x000001b456e60000, 0x000001b45e050000]
CodeHeap 'profiled nmethods': size=119104Kb used=6567Kb max_used=6567Kb free=112536Kb
 bounds [0x000001b44f7a0000, 0x000001b44fe10000, 0x000001b456bf0000]
CodeHeap 'non-nmethods': size=7488Kb used=2857Kb max_used=2914Kb free=4630Kb
 bounds [0x000001b44f050000, 0x000001b44f330000, 0x000001b44f7a0000]
 total_blobs=3464 nmethods=3005 adapters=368
 compilation: enabled
              stopped_count=0, restarted_count=0
 full_count=0

Compilation events (20 events):
Event: 3.377 Thread 0x000001b46b97ff40 3003       3       com.fasterxml.jackson.databind.introspect.DefaultAccessorNamingStrategy$Provider::forPOJO (26 bytes)
Event: 3.377 Thread 0x000001b46b97fa30 3005       3       com.fasterxml.jackson.databind.introspect.JacksonAnnotationIntrospector::findObjectIdInfo (65 bytes)
Event: 3.377 Thread 0x000001b46aabbf30 3004       3       com.fasterxml.jackson.databind.introspect.BasicClassIntrospector::constructPropertyCollector (15 bytes)
Event: 3.377 Thread 0x000001b46aabbf30 nmethod 3004 0x000001b44fe05b10 code [0x000001b44fe05cc0, 0x000001b44fe05e88]
Event: 3.377 Thread 0x000001b46b97ff40 nmethod 3003 0x000001b44fe05f90 code [0x000001b44fe06140, 0x000001b44fe06308]
Event: 3.377 Thread 0x000001b46b97fa30 nmethod 3005 0x000001b44fe06410 code [0x000001b44fe066a0, 0x000001b44fe074b8]
Event: 3.380 Thread 0x000001b46cee9620 nmethod 2986 0x000001b456ce7110 code [0x000001b456ce7460, 0x000001b456ceb3a8]
Event: 3.380 Thread 0x000001b46cee9620 3000       4       com.fasterxml.jackson.databind.introspect.MethodGenericTypeResolver::bindMethodTypeParameters (332 bytes)
Event: 3.380 Thread 0x000001b46cee9620 nmethod 3000 0x000001b456ced610 code [0x000001b456ced780, 0x000001b456ced818]
Event: 3.381 Thread 0x000001b46cee9620 3001       4       com.fasterxml.jackson.databind.introspect.AnnotatedCreatorCollector::constructFactoryCreator (94 bytes)
Event: 3.404 Thread 0x000001b46cee9620 nmethod 3001 0x000001b456ced910 code [0x000001b456cedb60, 0x000001b456cef510]
Event: 3.404 Thread 0x000001b46cee9620 2988       4       java.nio.CharBuffer::position (6 bytes)
Event: 3.405 Thread 0x000001b46cee9620 nmethod 2988 0x000001b456cf0310 code [0x000001b456cf0480, 0x000001b456cf0558]
Event: 3.405 Thread 0x000001b46cee9620 2958       4       java.util.Arrays::copyOf (19 bytes)
Event: 3.406 Thread 0x000001b46cee9620 nmethod 2958 0x000001b456cf0690 code [0x000001b456cf0820, 0x000001b456cf0ad8]
Event: 3.406 Thread 0x000001b46cee9620 3002       4       java.util.stream.Sink::end (1 bytes)
Event: 3.406 Thread 0x000001b46cee9620 nmethod 3002 0x000001b456cf0c10 code [0x000001b456cf0d80, 0x000001b456cf0df8]
Event: 3.420 Thread 0x000001b46cee9620 3006       4       sun.net.www.MessageHeader::mergeHeader (382 bytes)
Event: 3.423 Thread 0x000001b46aabbf30 3007       3       sun.net.www.MessageHeader::isRequestline (117 bytes)
Event: 3.424 Thread 0x000001b46aabbf30 nmethod 3007 0x000001b44fe07890 code [0x000001b44fe07c40, 0x000001b44fe09558]

GC Heap History (4 events):
Event: 0.322 GC heap before
{Heap before GC invocations=0 (full 0):
 garbage-first heap   total 251904K, used 22528K [0x000000070a200000, 0x0000000800000000)
  region size 2048K, 11 young (22528K), 0 survivors (0K)
 Metaspace       used 5504K, committed 5696K, reserved 1056768K
  class space    used 546K, committed 640K, reserved 1048576K
}
Event: 0.325 GC heap after
{Heap after GC invocations=1 (full 0):
 garbage-first heap   total 251904K, used 2963K [0x000000070a200000, 0x0000000800000000)
  region size 2048K, 2 young (4096K), 2 survivors (4096K)
 Metaspace       used 5504K, committed 5696K, reserved 1056768K
  class space    used 546K, committed 640K, reserved 1048576K
}
Event: 2.245 GC heap before
{Heap before GC invocations=1 (full 0):
 garbage-first heap   total 251904K, used 41875K [0x000000070a200000, 0x0000000800000000)
  region size 2048K, 21 young (43008K), 2 survivors (4096K)
 Metaspace       used 8523K, committed 8704K, reserved 1064960K
  class space    used 791K, committed 896K, reserved 1048576K
}
Event: 2.249 GC heap after
{Heap after GC invocations=2 (full 0):
 garbage-first heap   total 251904K, used 3593K [0x000000070a200000, 0x0000000800000000)
  region size 2048K, 2 young (4096K), 2 survivors (4096K)
 Metaspace       used 8523K, committed 8704K, reserved 1064960K
  class space    used 791K, committed 896K, reserved 1048576K
}

Deoptimization events (20 events):
Event: 1.085 Thread 0x000001b44784cca0 Uncommon trap: trap_request=0xffffffde fr.pc=0x000001b456c5332c relative=0x000000000000010c
Event: 1.085 Thread 0x000001b44784cca0 Uncommon trap: reason=class_check action=maybe_recompile pc=0x000001b456c5332c method=jdk.internal.misc.Unsafe.allocateUninitializedArray(Ljava/lang/Class;I)Ljava/lang/Object; @ 51 c2
Event: 1.085 Thread 0x000001b44784cca0 DEOPT PACKING pc=0x000001b456c5332c sp=0x00000001c57fd6e0
Event: 1.085 Thread 0x000001b44784cca0 DEOPT UNPACKING pc=0x000001b44f0a23a3 sp=0x00000001c57fd668 mode 2
Event: 1.089 Thread 0x000001b44784cca0 Uncommon trap: trap_request=0xffffffde fr.pc=0x000001b456c5332c relative=0x000000000000010c
Event: 1.089 Thread 0x000001b44784cca0 Uncommon trap: reason=class_check action=maybe_recompile pc=0x000001b456c5332c method=jdk.internal.misc.Unsafe.allocateUninitializedArray(Ljava/lang/Class;I)Ljava/lang/Object; @ 51 c2
Event: 1.089 Thread 0x000001b44784cca0 DEOPT PACKING pc=0x000001b456c5332c sp=0x00000001c57fe020
Event: 1.089 Thread 0x000001b44784cca0 DEOPT UNPACKING pc=0x000001b44f0a23a3 sp=0x00000001c57fdfa8 mode 2
Event: 1.089 Thread 0x000001b44784cca0 Uncommon trap: trap_request=0xffffffde fr.pc=0x000001b456c5332c relative=0x000000000000010c
Event: 1.089 Thread 0x000001b44784cca0 Uncommon trap: reason=class_check action=maybe_recompile pc=0x000001b456c5332c method=jdk.internal.misc.Unsafe.allocateUninitializedArray(Ljava/lang/Class;I)Ljava/lang/Object; @ 51 c2
Event: 1.089 Thread 0x000001b44784cca0 DEOPT PACKING pc=0x000001b456c5332c sp=0x00000001c57fe0c0
Event: 1.089 Thread 0x000001b44784cca0 DEOPT UNPACKING pc=0x000001b44f0a23a3 sp=0x00000001c57fe048 mode 2
Event: 2.114 Thread 0x000001b44784cca0 DEOPT PACKING pc=0x000001b44fbab49f sp=0x00000001c57fe6e0
Event: 2.114 Thread 0x000001b44784cca0 DEOPT UNPACKING pc=0x000001b44f0a2b43 sp=0x00000001c57fdb88 mode 0
Event: 2.894 Thread 0x000001b44784cca0 Uncommon trap: trap_request=0xffffffcc fr.pc=0x000001b456cdad0c relative=0x00000000000001ec
Event: 2.894 Thread 0x000001b44784cca0 Uncommon trap: reason=intrinsic_or_type_checked_inlining action=make_not_entrant pc=0x000001b456cdad0c method=java.util.Arrays.copyOf([Ljava/lang/Object;ILjava/lang/Class;)[Ljava/lang/Object; @ 35 c2
Event: 2.894 Thread 0x000001b44784cca0 DEOPT PACKING pc=0x000001b456cdad0c sp=0x00000001c57feb50
Event: 2.894 Thread 0x000001b44784cca0 DEOPT UNPACKING pc=0x000001b44f0a23a3 sp=0x00000001c57feae0 mode 2
Event: 3.420 Thread 0x000001b44784cca0 DEOPT PACKING pc=0x000001b44fba3145 sp=0x00000001c57fe5d0
Event: 3.420 Thread 0x000001b44784cca0 DEOPT UNPACKING pc=0x000001b44f0a2b43 sp=0x00000001c57fdac8 mode 0

Classes unloaded (0 events):
No events

Classes redefined (0 events):
No events

Internal exceptions (14 events):
Event: 0.073 Thread 0x000001b46b698a60 Exception <a 'java/lang/NoSuchMethodError'{0x00000007195e7a50}: 'java.lang.Object java.lang.invoke.DirectMethodHandle$Holder.invokeStaticInit(java.lang.Object)'> (0x00000007195e7a50) 
thrown [t:\workspace\open\src\hotspot\share\interpreter\linkResolver.cpp, line 766]
Event: 0.078 Thread 0x000001b46b698a60 Exception <a 'java/lang/NoSuchMethodError'{0x00000007195f58b8}: 'void java.lang.invoke.DirectMethodHandle$Holder.invokeStatic(java.lang.Object, java.lang.Object)'> (0x00000007195f58b8) 
thrown [t:\workspace\open\src\hotspot\share\interpreter\linkResolver.cpp, line 766]
Event: 0.082 Thread 0x000001b44784cca0 Exception <a 'java/lang/NoSuchMethodError'{0x0000000719232c98}: 'int java.lang.invoke.DirectMethodHandle$Holder.invokeStaticInit(java.lang.Object, java.lang.Object)'> (0x0000000719232c98) 
thrown [t:\workspace\open\src\hotspot\share\interpreter\linkResolver.cpp, line 766]
Event: 0.133 Thread 0x000001b44784cca0 Exception <a 'java/lang/NoSuchMethodError'{0x0000000719173f48}: 'void java.lang.invoke.DirectMethodHandle$Holder.invokeSpecial(java.lang.Object, java.lang.Object, java.lang.Object, java.lang.Object, java.lang.Object)'> (0x0000000719173f48) 
thrown [t:\workspace\open\src\hotspot\share\interpreter\linkResolver.cpp, line 766]
Event: 0.134 Thread 0x000001b44784cca0 Exception <a 'java/lang/NoSuchMethodError'{0x000000071917c140}: 'int java.lang.invoke.DirectMethodHandle$Holder.invokeStaticInit(java.lang.Object, java.lang.Object, java.lang.Object)'> (0x000000071917c140) 
thrown [t:\workspace\open\src\hotspot\share\interpreter\linkResolver.cpp, line 766]
Event: 0.304 Thread 0x000001b44784cca0 Exception <a 'java/lang/NoSuchMethodError'{0x00000007182f76f0}: 'java.lang.Object java.lang.invoke.DirectMethodHandle$Holder.invokeVirtual(java.lang.Object, java.lang.Object, java.lang.Object, java.lang.Object)'> (0x00000007182f76f0) 
thrown [t:\workspace\open\src\hotspot\share\interpreter\linkResolver.cpp, line 766]
Event: 0.312 Thread 0x000001b44784cca0 Implicit null exception at 0x000001b456c224be to 0x000001b456c2368c
Event: 0.314 Thread 0x000001b44784cca0 Exception <a 'java/lang/NoSuchMethodError'{0x000000071836e378}: 'void java.lang.invoke.DirectMethodHandle$Holder.invokeStatic(java.lang.Object, java.lang.Object, java.lang.Object, java.lang.Object)'> (0x000000071836e378) 
thrown [t:\workspace\open\src\hotspot\share\interpreter\linkResolver.cpp, line 766]
Event: 0.337 Thread 0x000001b44784cca0 Exception <a 'java/lang/NoSuchMethodError'{0x0000000719678a18}: 'void java.lang.invoke.DirectMethodHandle$Holder.invokeStatic(java.lang.Object, java.lang.Object, java.lang.Object)'> (0x0000000719678a18) 
thrown [t:\workspace\open\src\hotspot\share\interpreter\linkResolver.cpp, line 766]
Event: 0.338 Thread 0x000001b44784cca0 Exception <a 'java/lang/NoSuchMethodError'{0x0000000719680158}: 'int java.lang.invoke.DirectMethodHandle$Holder.invokeInterface(java.lang.Object, java.lang.Object)'> (0x0000000719680158) 
thrown [t:\workspace\open\src\hotspot\share\interpreter\linkResolver.cpp, line 766]
Event: 0.342 Thread 0x000001b44784cca0 Exception <a 'java/lang/NoSuchMethodError'{0x00000007196a83e8}: 'int java.lang.invoke.DirectMethodHandle$Holder.invokeSpecial(java.lang.Object, java.lang.Object, java.lang.Object)'> (0x00000007196a83e8) 
thrown [t:\workspace\open\src\hotspot\share\interpreter\linkResolver.cpp, line 766]
Event: 0.352 Thread 0x000001b44784cca0 Exception <a 'java/lang/NoSuchMethodError'{0x0000000719769088}: 'int java.lang.invoke.DirectMethodHandle$Holder.invokeVirtual(java.lang.Object, java.lang.Object, java.lang.Object)'> (0x0000000719769088) 
thrown [t:\workspace\open\src\hotspot\share\interpreter\linkResolver.cpp, line 766]
Event: 0.354 Thread 0x000001b44784cca0 Exception <a 'java/lang/NoSuchMethodError'{0x0000000719784690}: 'void java.lang.invoke.DirectMethodHandle$Holder.invokeVirtual(java.lang.Object, java.lang.Object, java.lang.Object, java.lang.Object)'> (0x0000000719784690) 
thrown [t:\workspace\open\src\hotspot\share\interpreter\linkResolver.cpp, line 766]
Event: 0.941 Thread 0x000001b44784cca0 Exception <a 'java/lang/NoSuchMethodError'{0x0000000719582a80}: 'java.lang.Object java.lang.invoke.DirectMethodHandle$Holder.newInvokeSpecial(java.lang.Object, java.lang.Object, java.lang.Object, java.lang.Object, java.lang.Object)'> (0x0000000719582a80) 
thrown [t:\workspace\open\src\hotspot\share\interpreter\linkResolver.cpp, line 766]

VM Operations (20 events):
Event: 0.133 Executing VM operation: HandshakeAllThreads
Event: 0.133 Executing VM operation: HandshakeAllThreads done
Event: 0.137 Executing VM operation: HandshakeAllThreads
Event: 0.137 Executing VM operation: HandshakeAllThreads done
Event: 0.322 Executing VM operation: G1CollectForAllocation
Event: 0.325 Executing VM operation: G1CollectForAllocation done
Event: 0.332 Executing VM operation: HandshakeAllThreads
Event: 0.332 Executing VM operation: HandshakeAllThreads done
Event: 0.930 Executing VM operation: HandshakeAllThreads
Event: 0.930 Executing VM operation: HandshakeAllThreads done
Event: 0.946 Executing VM operation: HandshakeAllThreads
Event: 0.946 Executing VM operation: HandshakeAllThreads done
Event: 1.207 Executing VM operation: ICBufferFull
Event: 1.207 Executing VM operation: ICBufferFull done
Event: 1.765 Executing VM operation: ICBufferFull
Event: 1.765 Executing VM operation: ICBufferFull done
Event: 2.245 Executing VM operation: G1CollectForAllocation
Event: 2.249 Executing VM operation: G1CollectForAllocation done
Event: 3.263 Executing VM operation: Cleanup
Event: 3.263 Executing VM operation: Cleanup done

Events (20 events):
Event: 1.035 loading class sun/util/resources/cldr/TimeZoneNames_en done
Event: 1.035 loading class sun/util/resources/cldr/TimeZoneNames_en_US
Event: 1.035 loading class sun/util/resources/cldr/TimeZoneNames_en_US done
Event: 1.035 loading class java/util/LinkedHashMap$LinkedKeySet
Event: 1.036 loading class java/util/LinkedHashMap$LinkedKeySet done
Event: 1.036 loading class sun/util/resources/TimeZoneNames
Event: 1.036 loading class sun/util/resources/TimeZoneNames done
Event: 1.037 loading class sun/util/resources/TimeZoneNames_en
Event: 1.037 loading class sun/util/resources/TimeZoneNames_en done
Event: 1.055 Thread 0x000001b46bd93000 Thread added: 0x000001b46bd93000
Event: 1.056 Thread 0x000001b46bd93510 Thread added: 0x000001b46bd93510
Event: 1.068 loading class jdk/internal/misc/ScopedMemoryAccess$Scope
Event: 1.068 loading class jdk/internal/misc/ScopedMemoryAccess$Scope done
Event: 1.481 loading class java/util/concurrent/locks/AbstractQueuedSynchronizer$Node
Event: 1.481 loading class java/util/concurrent/locks/AbstractQueuedSynchronizer$Node done
Event: 1.896 Thread 0x000001b46bd93510 Thread exited: 0x000001b46bd93510
Event: 2.285 Thread 0x000001b46bd93000 Thread exited: 0x000001b46bd93000
Event: 2.448 Thread 0x000001b46cc40a40 Thread added: 0x000001b46cc40a40
Event: 3.146 Thread 0x000001b46cc40a40 Thread exited: 0x000001b46cc40a40
Event: 3.300 Thread 0x000001b46cee9620 Thread added: 0x000001b46cee9620


Dynamic libraries:
0x00007ff7cfb40000 - 0x00007ff7cfb4e000 	C:\Users\dlatf\.jdks\openjdk-17.0.1\bin\java.exe
0x00007ffed1530000 - 0x00007ffed1728000 	C:\Windows\SYSTEM32\ntdll.dll
0x00007ffed0580000 - 0x00007ffed063d000 	C:\Windows\System32\KERNEL32.DLL
0x00007ffecf060000 - 0x00007ffecf32e000 	C:\Windows\System32\KERNELBASE.dll
0x00007ffecf330000 - 0x00007ffecf430000 	C:\Windows\System32\ucrtbase.dll
0x00007ffebe230000 - 0x00007ffebe24a000 	C:\Users\dlatf\.jdks\openjdk-17.0.1\bin\VCRUNTIME140.dll
0x00007ffebe210000 - 0x00007ffebe228000 	C:\Users\dlatf\.jdks\openjdk-17.0.1\bin\jli.dll
0x00007ffed06f0000 - 0x00007ffed0890000 	C:\Windows\System32\USER32.dll
0x00007ffecf030000 - 0x00007ffecf052000 	C:\Windows\System32\win32u.dll
0x00007ffed1130000 - 0x00007ffed115a000 	C:\Windows\System32\GDI32.dll
0x00007ffebbad0000 - 0x00007ffebbd6a000 	C:\Windows\WinSxS\amd64_microsoft.windows.common-controls_6595b64144ccf1df_6.0.19041.1110_none_60b5254171f9507e\COMCTL32.dll
0x00007ffeceed0000 - 0x00007ffecefdb000 	C:\Windows\System32\gdi32full.dll
0x00007ffed0650000 - 0x00007ffed06ee000 	C:\Windows\System32\msvcrt.dll
0x00007ffecf4c0000 - 0x00007ffecf55d000 	C:\Windows\System32\msvcp_win.dll
0x00007ffed14c0000 - 0x00007ffed14f0000 	C:\Windows\System32\IMM32.DLL
0x00007ffecc580000 - 0x00007ffecc58c000 	C:\Users\dlatf\.jdks\openjdk-17.0.1\bin\vcruntime140_1.dll
0x00007ffe95a70000 - 0x00007ffe95afd000 	C:\Users\dlatf\.jdks\openjdk-17.0.1\bin\msvcp140.dll
0x00007ffe44880000 - 0x00007ffe4543e000 	C:\Users\dlatf\.jdks\openjdk-17.0.1\bin\server\jvm.dll
0x00007ffed0420000 - 0x00007ffed04ce000 	C:\Windows\System32\ADVAPI32.dll
0x00007ffed0250000 - 0x00007ffed02ec000 	C:\Windows\System32\sechost.dll
0x00007ffed02f0000 - 0x00007ffed0415000 	C:\Windows\System32\RPCRT4.dll
0x00007ffecff00000 - 0x00007ffecff08000 	C:\Windows\System32\PSAPI.DLL
0x00007ffec6780000 - 0x00007ffec67a7000 	C:\Windows\SYSTEM32\WINMM.dll
0x00007ffeaace0000 - 0x00007ffeaace9000 	C:\Windows\SYSTEM32\WSOCK32.dll
0x00007ffec67b0000 - 0x00007ffec67ba000 	C:\Windows\SYSTEM32\VERSION.dll
0x00007ffecff80000 - 0x00007ffecffeb000 	C:\Windows\System32\WS2_32.dll
0x00007ffeccb50000 - 0x00007ffeccb62000 	C:\Windows\SYSTEM32\kernel.appcore.dll
0x00007ffebe200000 - 0x00007ffebe20a000 	C:\Users\dlatf\.jdks\openjdk-17.0.1\bin\jimage.dll
0x00007ffec1800000 - 0x00007ffec19e4000 	C:\Windows\SYSTEM32\DBGHELP.DLL
0x00007ffebb340000 - 0x00007ffebb36c000 	C:\Windows\SYSTEM32\dbgcore.DLL
0x00007ffecf430000 - 0x00007ffecf4b2000 	C:\Windows\System32\bcryptPrimitives.dll
0x00007ffecc550000 - 0x00007ffecc55e000 	C:\Users\dlatf\.jdks\openjdk-17.0.1\bin\instrument.dll
0x00007ffebe1d0000 - 0x00007ffebe1f5000 	C:\Users\dlatf\.jdks\openjdk-17.0.1\bin\java.dll
0x00007ffe95990000 - 0x00007ffe95a66000 	C:\Users\dlatf\.jdks\openjdk-17.0.1\bin\svml.dll
0x00007ffed09e0000 - 0x00007ffed1124000 	C:\Windows\System32\SHELL32.dll
0x00007ffeccd50000 - 0x00007ffecd4e4000 	C:\Windows\SYSTEM32\windows.storage.dll
0x00007ffed1160000 - 0x00007ffed14b4000 	C:\Windows\System32\combase.dll
0x00007ffece6b0000 - 0x00007ffece6e0000 	C:\Windows\SYSTEM32\Wldp.dll
0x00007ffed04d0000 - 0x00007ffed057d000 	C:\Windows\System32\SHCORE.dll
0x00007ffecfea0000 - 0x00007ffecfef5000 	C:\Windows\System32\shlwapi.dll
0x00007ffeceb90000 - 0x00007ffecebaf000 	C:\Windows\SYSTEM32\profapi.dll
0x00007ffeb3990000 - 0x00007ffeb39a8000 	C:\Users\dlatf\.jdks\openjdk-17.0.1\bin\zip.dll
0x00007ffebe1b0000 - 0x00007ffebe1c9000 	C:\Users\dlatf\.jdks\openjdk-17.0.1\bin\net.dll
0x00007ffec5500000 - 0x00007ffec560a000 	C:\Windows\SYSTEM32\WINHTTP.dll
0x00007ffece3a0000 - 0x00007ffece40a000 	C:\Windows\system32\mswsock.dll
0x00007ffeb39b0000 - 0x00007ffeb39c5000 	C:\Users\dlatf\.jdks\openjdk-17.0.1\bin\nio.dll
0x00007ffeb3360000 - 0x00007ffeb337a000 	D:\IntelliJ IDEA 2022.3\bin\breakgen64.dll
0x00007ffece0d0000 - 0x00007ffece19b000 	C:\Windows\SYSTEM32\DNSAPI.dll
0x00007ffece090000 - 0x00007ffece0cb000 	C:\Windows\SYSTEM32\IPHLPAPI.DLL
0x00007ffed0640000 - 0x00007ffed0648000 	C:\Windows\System32\NSI.dll
0x00007ffec7a90000 - 0x00007ffec7a9a000 	C:\Windows\System32\rasadhlp.dll
0x00007ffec28f0000 - 0x00007ffec2970000 	C:\Windows\System32\fwpuclnt.dll
0x00007ffecf560000 - 0x00007ffecf587000 	C:\Windows\System32\bcrypt.dll

dbghelp: loaded successfully - version: 4.0.5 - missing functions: none
symbol engine: initialized successfully - sym options: 0x614 - pdb path: .;C:\Users\dlatf\.jdks\openjdk-17.0.1\bin;C:\Windows\SYSTEM32;C:\Windows\WinSxS\amd64_microsoft.windows.common-controls_6595b64144ccf1df_6.0.19041.1110_none_60b5254171f9507e;C:\Users\dlatf\.jdks\openjdk-17.0.1\bin\server;D:\IntelliJ IDEA 2022.3\bin

VM Arguments:
jvm_args: -javaagent:D:\IntelliJ IDEA 2022.3\lib\idea_rt.jar=59714:D:\IntelliJ IDEA 2022.3\bin -Dfile.encoding=UTF-8 
java_command: org.example.App
java_class_path (initial): C:\Users\dlatf\IdeaProjects\sensor\target\classes;C:\Users\dlatf\.m2\repository\com\fasterxml\jackson\core\jackson-databind\2.15.2\jackson-databind-2.15.2.jar;C:\Users\dlatf\.m2\repository\com\fasterxml\jackson\core\jackson-annotations\2.15.2\jackson-annotations-2.15.2.jar;C:\Users\dlatf\.m2\repository\com\fasterxml\jackson\core\jackson-core\2.15.2\jackson-core-2.15.2.jar;C:\Users\dlatf\.m2\repository\org\springframework\spring-web\6.0.10\spring-web-6.0.10.jar;C:\Users\dlatf\.m2\repository\org\springframework\spring-beans\6.0.10\spring-beans-6.0.10.jar;C:\Users\dlatf\.m2\repository\org\springframework\spring-core\6.0.10\spring-core-6.0.10.jar;C:\Users\dlatf\.m2\repository\org\springframework\spring-jcl\6.0.10\spring-jcl-6.0.10.jar;C:\Users\dlatf\.m2\repository\io\micrometer\micrometer-observation\1.10.8\micrometer-observation-1.10.8.jar;C:\Users\dlatf\.m2\repository\io\micrometer\micrometer-commons\1.10.8\micrometer-commons-1.10.8.jar
Launcher Type: SUN_STANDARD

[Global flags]
     intx CICompilerCount                          = 12                                        {product} {ergonomic}
     uint ConcGCThreads                            = 3                                         {product} {ergonomic}
     uint G1ConcRefinementThreads                  = 13                                        {product} {ergonomic}
   size_t G1HeapRegionSize                         = 2097152                                   {product} {ergonomic}
    uintx GCDrainStackTargetSize                   = 64                                        {product} {ergonomic}
   size_t InitialHeapSize                          = 257949696                                 {product} {ergonomic}
   size_t MarkStackSize                            = 4194304                                   {product} {ergonomic}
   size_t MaxHeapSize                              = 4125097984                                {product} {ergonomic}
   size_t MaxNewSize                               = 2474639360                                {product} {ergonomic}
   size_t MinHeapDeltaBytes                        = 2097152                                   {product} {ergonomic}
   size_t MinHeapSize                              = 8388608                                   {product} {ergonomic}
    uintx NonNMethodCodeHeapSize                   = 7602480                                {pd product} {ergonomic}
    uintx NonProfiledCodeHeapSize                  = 122027880                              {pd product} {ergonomic}
    uintx ProfiledCodeHeapSize                     = 122027880                              {pd product} {ergonomic}
    uintx ReservedCodeCacheSize                    = 251658240                              {pd product} {ergonomic}
     bool SegmentedCodeCache                       = true                                      {product} {ergonomic}
   size_t SoftMaxHeapSize                          = 4125097984                             {manageable} {ergonomic}
     bool UseCompressedClassPointers               = true                           {product lp64_product} {ergonomic}
     bool UseCompressedOops                        = true                           {product lp64_product} {ergonomic}
     bool UseG1GC                                  = true                                      {product} {ergonomic}
     bool UseLargePagesIndividualAllocation        = false                                  {pd product} {ergonomic}

Logging:
Log output configuration:
 #0: stdout all=warning uptime,level,tags
 #1: stderr all=off uptime,level,tags

Environment Variables:
PATH=C:\Program Files (x86)\VMware\VMware Workstation\bin\;C:\Windows\system32;C:\Windows;C:\Windows\System32\Wbem;C:\Windows\System32\WindowsPowerShell\v1.0\;C:\Windows\System32\OpenSSH\;C:\Program Files\PuTTY\;C:\Users\dlatf\AppData\Local\Programs\Python\Python310;C:\Users\dlatf\AppData\Local\Programs\Python\Python310\Scripts;C:\Program Files\Git\cmd;C:\Users\dlatf\AppData\Roaming\Microsoft\Windows\Start Menu\Programs\Python 3.10
USERNAME=Damirok
OS=Windows_NT
PROCESSOR_IDENTIFIER=AMD64 Family 23 Model 96 Stepping 1, AuthenticAMD



---------------  S Y S T E M  ---------------

OS:
 Windows 10 , 64 bit Build 19041 (10.0.19041.1806)
OS uptime: 0 days 9:38 hours

CPU: total 16 (initial active 16) (16 cores per cpu, 2 threads per core) family 23 model 96 stepping 1 microcode 0x0, cx8, cmov, fxsr, ht, mmx, 3dnowpref, sse, sse2, sse3, ssse3, sse4a, sse4.1, sse4.2, popcnt, lzcnt, tsc, tscinvbit, avx, avx2, aes, clmul, bmi1, bmi2, adx, sha, fma, vzeroupper, clflush, clflushopt

Memory: 4k page, system-wide physical 15732M (4795M free)
TotalPageFile size 17780M (AvailPageFile size 5M)
current process WorkingSet (physical memory assigned to process): 121M, peak: 122M
current process commit charge ("private bytes"): 381M, peak: 382M

vm_info: OpenJDK 64-Bit Server VM (17.0.1+12-39) for windows-amd64 JRE (17.0.1+12-39), built on Sep 27 2021 18:39:29 by "mach5one" with MS VC++ 16.8 (VS2019)

END.
