#
# There is insufficient memory for the Java Runtime Environment to continue.
# Native memory allocation (malloc) failed to allocate 32744 bytes for ChunkPool::allocate
# Possible reasons:
#   The system is out of physical RAM or swap space
#   The process is running with CompressedOops enabled, and the Java Heap may be blocking the growth of the native heap
# Possible solutions:
#   Reduce memory load on the system
#   Increase physical memory or swap space
#   Check if swap backing store is full
#   Decrease Java heap size (-Xmx/-Xms)
#   Decrease number of Java threads
#   Decrease Java thread stack sizes (-Xss)
#   Set larger code cache with -XX:ReservedCodeCacheSize=
#   JVM is running with Zero Based Compressed Oops mode in which the Java heap is
#     placed in the first 32GB address space. The Java Heap base address is the
#     maximum limit for the native heap growth. Please use -XX:HeapBaseMinAddress
#     to set the Java Heap base and to place the Java Heap above 32GB virtual address.
# This output file may be truncated or incomplete.
#
#  Out of Memory Error (arena.cpp:78), pid=14536, tid=19868
#
# JRE version: OpenJDK Runtime Environment (17.0.1+12) (build 17.0.1+12-39)
# Java VM: OpenJDK 64-Bit Server VM (17.0.1+12-39, mixed mode, sharing, tiered, compressed oops, compressed class ptrs, g1 gc, windows-amd64)
# No core dump will be written. Minidumps are not enabled by default on client versions of Windows
#

---------------  S U M M A R Y ------------

Command Line: -javaagent:D:\IntelliJ IDEA 2022.3\lib\idea_rt.jar=56257:D:\IntelliJ IDEA 2022.3\bin -Dfile.encoding=UTF-8 org.example.App

Host: AMD Ryzen 7 4800H with Radeon Graphics         , 16 cores, 15G,  Windows 10 , 64 bit Build 19041 (10.0.19041.1806)
Time: Thu Jul  6 20:39:13 2023  Windows 10 , 64 bit Build 19041 (10.0.19041.1806) elapsed time: 0.115787 seconds (0d 0h 0m 0s)

---------------  T H R E A D  ---------------

Current thread (0x000002368f93edf0):  JavaThread "C2 CompilerThread1" daemon [_thread_in_native, id=19868, stack(0x000000d511a00000,0x000000d511b00000)]


Current CompileTask:
C2:    115  358       4       java.util.concurrent.ConcurrentHashMap::casTabAt (21 bytes)

Stack: [0x000000d511a00000,0x000000d511b00000]
Native frames: (J=compiled Java code, j=interpreted, Vv=VM code, C=native code)
V  [jvm.dll+0x66fa1a]
V  [jvm.dll+0x7ce5a4]
V  [jvm.dll+0x7cfd4e]
V  [jvm.dll+0x7d03b3]
V  [jvm.dll+0x242b05]
V  [jvm.dll+0xaa2a0]
V  [jvm.dll+0xaa5ec]
V  [jvm.dll+0x5fc9b0]
V  [jvm.dll+0x5fcb46]
V  [jvm.dll+0x602707]
V  [jvm.dll+0x603582]
V  [jvm.dll+0x601ae4]
V  [jvm.dll+0x215a68]
V  [jvm.dll+0x215011]
V  [jvm.dll+0x1a168d]
V  [jvm.dll+0x224848]
V  [jvm.dll+0x2229ac]
V  [jvm.dll+0x78435b]
V  [jvm.dll+0x77e91a]
V  [jvm.dll+0x66e845]
C  [ucrtbase.dll+0x21bb2]
C  [KERNEL32.DLL+0x17034]
C  [ntdll.dll+0x52651]


---------------  P R O C E S S  ---------------

Threads class SMR info:
_java_thread_list=0x000002368fa7e940, length=17, elements={
0x00000236ebbde900, 0x00000236ffe3fac0, 0x00000236ffe40730, 0x000002368f807140,
0x000002368f808b00, 0x000002368f8094b0, 0x000002368f80ac10, 0x000002368f80c550,
0x000002368f8110a0, 0x000002368f815070, 0x000002368f90d440, 0x000002368f9150f0,
0x000002368f925810, 0x000002368f925dd0, 0x000002368f93edf0, 0x000002368fa4b890,
0x000002368fa7ebe0
}

Java Threads: ( => current thread )
  0x00000236ebbde900 JavaThread "main" [_thread_in_vm, id=16884, stack(0x000000d510600000,0x000000d510700000)]
  0x00000236ffe3fac0 JavaThread "Reference Handler" daemon [_thread_blocked, id=3480, stack(0x000000d510d00000,0x000000d510e00000)]
  0x00000236ffe40730 JavaThread "Finalizer" daemon [_thread_blocked, id=11084, stack(0x000000d510e00000,0x000000d510f00000)]
  0x000002368f807140 JavaThread "Signal Dispatcher" daemon [_thread_blocked, id=7092, stack(0x000000d510f00000,0x000000d511000000)]
  0x000002368f808b00 JavaThread "Attach Listener" daemon [_thread_blocked, id=4240, stack(0x000000d511000000,0x000000d511100000)]
  0x000002368f8094b0 JavaThread "Service Thread" daemon [_thread_blocked, id=5212, stack(0x000000d511100000,0x000000d511200000)]
  0x000002368f80ac10 JavaThread "Monitor Deflation Thread" daemon [_thread_blocked, id=12864, stack(0x000000d511200000,0x000000d511300000)]
  0x000002368f80c550 JavaThread "C2 CompilerThread0" daemon [_thread_blocked, id=20036, stack(0x000000d511300000,0x000000d511400000)]
  0x000002368f8110a0 JavaThread "C1 CompilerThread0" daemon [_thread_blocked, id=6544, stack(0x000000d511400000,0x000000d511500000)]
  0x000002368f815070 JavaThread "Sweeper thread" daemon [_thread_blocked, id=14568, stack(0x000000d511500000,0x000000d511600000)]
  0x000002368f90d440 JavaThread "Common-Cleaner" daemon [_thread_blocked, id=13840, stack(0x000000d511600000,0x000000d511700000)]
  0x000002368f9150f0 JavaThread "C1 CompilerThread1" daemon [_thread_blocked, id=1380, stack(0x000000d511700000,0x000000d511800000)]
  0x000002368f925810 JavaThread "C1 CompilerThread2" daemon [_thread_blocked, id=18424, stack(0x000000d511800000,0x000000d511900000)]
  0x000002368f925dd0 JavaThread "C1 CompilerThread3" daemon [_thread_in_native, id=1592, stack(0x000000d511900000,0x000000d511a00000)]
=>0x000002368f93edf0 JavaThread "C2 CompilerThread1" daemon [_thread_in_native, id=19868, stack(0x000000d511a00000,0x000000d511b00000)]
  0x000002368fa4b890 JavaThread "Monitor Ctrl-Break" daemon [_thread_in_native, id=3744, stack(0x000000d511b00000,0x000000d511c00000)]
  0x000002368fa7ebe0 JavaThread "Notification Thread" daemon [_thread_blocked, id=6888, stack(0x000000d511c00000,0x000000d511d00000)]

Other Threads:
  0x00000236ffe38410 VMThread "VM Thread" [stack: 0x000000d510c00000,0x000000d510d00000] [id=2764]
  0x00000236ebc59000 WatcherThread [stack: 0x000000d511d00000,0x000000d511e00000] [id=6160]
  0x00000236ebc2e810 GCTaskThread "GC Thread#0" [stack: 0x000000d510700000,0x000000d510800000] [id=12844]
  0x00000236ebc3ed20 ConcurrentGCThread "G1 Main Marker" [stack: 0x000000d510800000,0x000000d510900000] [id=16304]
  0x00000236ebc3f730 ConcurrentGCThread "G1 Conc#0" [stack: 0x000000d510900000,0x000000d510a00000] [id=1528]
  0x00000236ffcf0560 ConcurrentGCThread "G1 Refine#0" [stack: 0x000000d510a00000,0x000000d510b00000] [id=17140]
  0x00000236ffcf2da0 ConcurrentGCThread "G1 Service" [stack: 0x000000d510b00000,0x000000d510c00000] [id=3044]

Threads with active compile tasks:
C1 CompilerThread3      127  360       3       java.lang.invoke.MemberName::getMethodOrFieldType (72 bytes)
C2 CompilerThread1      127  358       4       java.util.concurrent.ConcurrentHashMap::casTabAt (21 bytes)

VM state: not at safepoint (normal execution)

VM Mutex/Monitor currently owned by a thread: None

Heap address: 0x000000070a200000, size: 3934 MB, Compressed Oops mode: Zero based, Oop shift amount: 3

CDS archive(s) mapped at: [0x0000000800000000-0x0000000800bc0000-0x0000000800bc0000), size 12320768, SharedBaseAddress: 0x0000000800000000, ArchiveRelocationMode: 0.
Compressed class space mapped at: 0x0000000800c00000-0x0000000840c00000, reserved size: 1073741824
Narrow klass base: 0x0000000800000000, Narrow klass shift: 0, Narrow klass range: 0x100000000

GC Precious Log:
 CPUs: 16 total, 16 available
 Memory: 15732M
 Large Page Support: Disabled
 NUMA Support: Disabled
 Compressed Oops: Enabled (Zero based)
 Heap Region Size: 2M
 Heap Min Capacity: 8M
 Heap Initial Capacity: 246M
 Heap Max Capacity: 3934M
 Pre-touch: Disabled
 Parallel Workers: 13
 Concurrent Workers: 3
 Concurrent Refinement Workers: 13
 Periodic GC: Disabled

Heap:
 garbage-first heap   total 251904K, used 6144K [0x000000070a200000, 0x0000000800000000)
  region size 2048K, 4 young (8192K), 0 survivors (0K)
 Metaspace       used 1116K, committed 1216K, reserved 1056768K
  class space    used 102K, committed 128K, reserved 1048576K

Heap Regions: E=young(eden), S=young(survivor), O=old, HS=humongous(starts), HC=humongous(continues), CS=collection set, F=free, OA=open archive, CA=closed archive, TAMS=top-at-mark-start (previous, next)
|   0|0x000000070a200000, 0x000000070a200000, 0x000000070a400000|  0%| F|  |TAMS 0x000000070a200000, 0x000000070a200000| Untracked 
|   1|0x000000070a400000, 0x000000070a400000, 0x000000070a600000|  0%| F|  |TAMS 0x000000070a400000, 0x000000070a400000| Untracked 
|   2|0x000000070a600000, 0x000000070a600000, 0x000000070a800000|  0%| F|  |TAMS 0x000000070a600000, 0x000000070a600000| Untracked 
|   3|0x000000070a800000, 0x000000070a800000, 0x000000070aa00000|  0%| F|  |TAMS 0x000000070a800000, 0x000000070a800000| Untracked 
|   4|0x000000070aa00000, 0x000000070aa00000, 0x000000070ac00000|  0%| F|  |TAMS 0x000000070aa00000, 0x000000070aa00000| Untracked 
|   5|0x000000070ac00000, 0x000000070ac00000, 0x000000070ae00000|  0%| F|  |TAMS 0x000000070ac00000, 0x000000070ac00000| Untracked 
|   6|0x000000070ae00000, 0x000000070ae00000, 0x000000070b000000|  0%| F|  |TAMS 0x000000070ae00000, 0x000000070ae00000| Untracked 
|   7|0x000000070b000000, 0x000000070b000000, 0x000000070b200000|  0%| F|  |TAMS 0x000000070b000000, 0x000000070b000000| Untracked 
|   8|0x000000070b200000, 0x000000070b200000, 0x000000070b400000|  0%| F|  |TAMS 0x000000070b200000, 0x000000070b200000| Untracked 
|   9|0x000000070b400000, 0x000000070b400000, 0x000000070b600000|  0%| F|  |TAMS 0x000000070b400000, 0x000000070b400000| Untracked 
|  10|0x000000070b600000, 0x000000070b600000, 0x000000070b800000|  0%| F|  |TAMS 0x000000070b600000, 0x000000070b600000| Untracked 
|  11|0x000000070b800000, 0x000000070b800000, 0x000000070ba00000|  0%| F|  |TAMS 0x000000070b800000, 0x000000070b800000| Untracked 
|  12|0x000000070ba00000, 0x000000070ba00000, 0x000000070bc00000|  0%| F|  |TAMS 0x000000070ba00000, 0x000000070ba00000| Untracked 
|  13|0x000000070bc00000, 0x000000070bc00000, 0x000000070be00000|  0%| F|  |TAMS 0x000000070bc00000, 0x000000070bc00000| Untracked 
|  14|0x000000070be00000, 0x000000070be00000, 0x000000070c000000|  0%| F|  |TAMS 0x000000070be00000, 0x000000070be00000| Untracked 
|  15|0x000000070c000000, 0x000000070c000000, 0x000000070c200000|  0%| F|  |TAMS 0x000000070c000000, 0x000000070c000000| Untracked 
|  16|0x000000070c200000, 0x000000070c200000, 0x000000070c400000|  0%| F|  |TAMS 0x000000070c200000, 0x000000070c200000| Untracked 
|  17|0x000000070c400000, 0x000000070c400000, 0x000000070c600000|  0%| F|  |TAMS 0x000000070c400000, 0x000000070c400000| Untracked 
|  18|0x000000070c600000, 0x000000070c600000, 0x000000070c800000|  0%| F|  |TAMS 0x000000070c600000, 0x000000070c600000| Untracked 
|  19|0x000000070c800000, 0x000000070c800000, 0x000000070ca00000|  0%| F|  |TAMS 0x000000070c800000, 0x000000070c800000| Untracked 
|  20|0x000000070ca00000, 0x000000070ca00000, 0x000000070cc00000|  0%| F|  |TAMS 0x000000070ca00000, 0x000000070ca00000| Untracked 
|  21|0x000000070cc00000, 0x000000070cc00000, 0x000000070ce00000|  0%| F|  |TAMS 0x000000070cc00000, 0x000000070cc00000| Untracked 
|  22|0x000000070ce00000, 0x000000070ce00000, 0x000000070d000000|  0%| F|  |TAMS 0x000000070ce00000, 0x000000070ce00000| Untracked 
|  23|0x000000070d000000, 0x000000070d000000, 0x000000070d200000|  0%| F|  |TAMS 0x000000070d000000, 0x000000070d000000| Untracked 
|  24|0x000000070d200000, 0x000000070d200000, 0x000000070d400000|  0%| F|  |TAMS 0x000000070d200000, 0x000000070d200000| Untracked 
|  25|0x000000070d400000, 0x000000070d400000, 0x000000070d600000|  0%| F|  |TAMS 0x000000070d400000, 0x000000070d400000| Untracked 
|  26|0x000000070d600000, 0x000000070d600000, 0x000000070d800000|  0%| F|  |TAMS 0x000000070d600000, 0x000000070d600000| Untracked 
|  27|0x000000070d800000, 0x000000070d800000, 0x000000070da00000|  0%| F|  |TAMS 0x000000070d800000, 0x000000070d800000| Untracked 
|  28|0x000000070da00000, 0x000000070da00000, 0x000000070dc00000|  0%| F|  |TAMS 0x000000070da00000, 0x000000070da00000| Untracked 
|  29|0x000000070dc00000, 0x000000070dc00000, 0x000000070de00000|  0%| F|  |TAMS 0x000000070dc00000, 0x000000070dc00000| Untracked 
|  30|0x000000070de00000, 0x000000070de00000, 0x000000070e000000|  0%| F|  |TAMS 0x000000070de00000, 0x000000070de00000| Untracked 
|  31|0x000000070e000000, 0x000000070e000000, 0x000000070e200000|  0%| F|  |TAMS 0x000000070e000000, 0x000000070e000000| Untracked 
|  32|0x000000070e200000, 0x000000070e200000, 0x000000070e400000|  0%| F|  |TAMS 0x000000070e200000, 0x000000070e200000| Untracked 
|  33|0x000000070e400000, 0x000000070e400000, 0x000000070e600000|  0%| F|  |TAMS 0x000000070e400000, 0x000000070e400000| Untracked 
|  34|0x000000070e600000, 0x000000070e600000, 0x000000070e800000|  0%| F|  |TAMS 0x000000070e600000, 0x000000070e600000| Untracked 
|  35|0x000000070e800000, 0x000000070e800000, 0x000000070ea00000|  0%| F|  |TAMS 0x000000070e800000, 0x000000070e800000| Untracked 
|  36|0x000000070ea00000, 0x000000070ea00000, 0x000000070ec00000|  0%| F|  |TAMS 0x000000070ea00000, 0x000000070ea00000| Untracked 
|  37|0x000000070ec00000, 0x000000070ec00000, 0x000000070ee00000|  0%| F|  |TAMS 0x000000070ec00000, 0x000000070ec00000| Untracked 
|  38|0x000000070ee00000, 0x000000070ee00000, 0x000000070f000000|  0%| F|  |TAMS 0x000000070ee00000, 0x000000070ee00000| Untracked 
|  39|0x000000070f000000, 0x000000070f000000, 0x000000070f200000|  0%| F|  |TAMS 0x000000070f000000, 0x000000070f000000| Untracked 
|  40|0x000000070f200000, 0x000000070f200000, 0x000000070f400000|  0%| F|  |TAMS 0x000000070f200000, 0x000000070f200000| Untracked 
|  41|0x000000070f400000, 0x000000070f400000, 0x000000070f600000|  0%| F|  |TAMS 0x000000070f400000, 0x000000070f400000| Untracked 
|  42|0x000000070f600000, 0x000000070f600000, 0x000000070f800000|  0%| F|  |TAMS 0x000000070f600000, 0x000000070f600000| Untracked 
|  43|0x000000070f800000, 0x000000070f800000, 0x000000070fa00000|  0%| F|  |TAMS 0x000000070f800000, 0x000000070f800000| Untracked 
|  44|0x000000070fa00000, 0x000000070fa00000, 0x000000070fc00000|  0%| F|  |TAMS 0x000000070fa00000, 0x000000070fa00000| Untracked 
|  45|0x000000070fc00000, 0x000000070fc00000, 0x000000070fe00000|  0%| F|  |TAMS 0x000000070fc00000, 0x000000070fc00000| Untracked 
|  46|0x000000070fe00000, 0x000000070fe00000, 0x0000000710000000|  0%| F|  |TAMS 0x000000070fe00000, 0x000000070fe00000| Untracked 
|  47|0x0000000710000000, 0x0000000710000000, 0x0000000710200000|  0%| F|  |TAMS 0x0000000710000000, 0x0000000710000000| Untracked 
|  48|0x0000000710200000, 0x0000000710200000, 0x0000000710400000|  0%| F|  |TAMS 0x0000000710200000, 0x0000000710200000| Untracked 
|  49|0x0000000710400000, 0x0000000710400000, 0x0000000710600000|  0%| F|  |TAMS 0x0000000710400000, 0x0000000710400000| Untracked 
|  50|0x0000000710600000, 0x0000000710600000, 0x0000000710800000|  0%| F|  |TAMS 0x0000000710600000, 0x0000000710600000| Untracked 
|  51|0x0000000710800000, 0x0000000710800000, 0x0000000710a00000|  0%| F|  |TAMS 0x0000000710800000, 0x0000000710800000| Untracked 
|  52|0x0000000710a00000, 0x0000000710a00000, 0x0000000710c00000|  0%| F|  |TAMS 0x0000000710a00000, 0x0000000710a00000| Untracked 
|  53|0x0000000710c00000, 0x0000000710c00000, 0x0000000710e00000|  0%| F|  |TAMS 0x0000000710c00000, 0x0000000710c00000| Untracked 
|  54|0x0000000710e00000, 0x0000000710e00000, 0x0000000711000000|  0%| F|  |TAMS 0x0000000710e00000, 0x0000000710e00000| Untracked 
|  55|0x0000000711000000, 0x0000000711000000, 0x0000000711200000|  0%| F|  |TAMS 0x0000000711000000, 0x0000000711000000| Untracked 
|  56|0x0000000711200000, 0x0000000711200000, 0x0000000711400000|  0%| F|  |TAMS 0x0000000711200000, 0x0000000711200000| Untracked 
|  57|0x0000000711400000, 0x0000000711400000, 0x0000000711600000|  0%| F|  |TAMS 0x0000000711400000, 0x0000000711400000| Untracked 
|  58|0x0000000711600000, 0x0000000711600000, 0x0000000711800000|  0%| F|  |TAMS 0x0000000711600000, 0x0000000711600000| Untracked 
|  59|0x0000000711800000, 0x0000000711800000, 0x0000000711a00000|  0%| F|  |TAMS 0x0000000711800000, 0x0000000711800000| Untracked 
|  60|0x0000000711a00000, 0x0000000711a00000, 0x0000000711c00000|  0%| F|  |TAMS 0x0000000711a00000, 0x0000000711a00000| Untracked 
|  61|0x0000000711c00000, 0x0000000711c00000, 0x0000000711e00000|  0%| F|  |TAMS 0x0000000711c00000, 0x0000000711c00000| Untracked 
|  62|0x0000000711e00000, 0x0000000711e00000, 0x0000000712000000|  0%| F|  |TAMS 0x0000000711e00000, 0x0000000711e00000| Untracked 
|  63|0x0000000712000000, 0x0000000712000000, 0x0000000712200000|  0%| F|  |TAMS 0x0000000712000000, 0x0000000712000000| Untracked 
|  64|0x0000000712200000, 0x0000000712200000, 0x0000000712400000|  0%| F|  |TAMS 0x0000000712200000, 0x0000000712200000| Untracked 
|  65|0x0000000712400000, 0x0000000712400000, 0x0000000712600000|  0%| F|  |TAMS 0x0000000712400000, 0x0000000712400000| Untracked 
|  66|0x0000000712600000, 0x0000000712600000, 0x0000000712800000|  0%| F|  |TAMS 0x0000000712600000, 0x0000000712600000| Untracked 
|  67|0x0000000712800000, 0x0000000712800000, 0x0000000712a00000|  0%| F|  |TAMS 0x0000000712800000, 0x0000000712800000| Untracked 
|  68|0x0000000712a00000, 0x0000000712a00000, 0x0000000712c00000|  0%| F|  |TAMS 0x0000000712a00000, 0x0000000712a00000| Untracked 
|  69|0x0000000712c00000, 0x0000000712c00000, 0x0000000712e00000|  0%| F|  |TAMS 0x0000000712c00000, 0x0000000712c00000| Untracked 
|  70|0x0000000712e00000, 0x0000000712e00000, 0x0000000713000000|  0%| F|  |TAMS 0x0000000712e00000, 0x0000000712e00000| Untracked 
|  71|0x0000000713000000, 0x0000000713000000, 0x0000000713200000|  0%| F|  |TAMS 0x0000000713000000, 0x0000000713000000| Untracked 
|  72|0x0000000713200000, 0x0000000713200000, 0x0000000713400000|  0%| F|  |TAMS 0x0000000713200000, 0x0000000713200000| Untracked 
|  73|0x0000000713400000, 0x0000000713400000, 0x0000000713600000|  0%| F|  |TAMS 0x0000000713400000, 0x0000000713400000| Untracked 
|  74|0x0000000713600000, 0x0000000713600000, 0x0000000713800000|  0%| F|  |TAMS 0x0000000713600000, 0x0000000713600000| Untracked 
|  75|0x0000000713800000, 0x0000000713800000, 0x0000000713a00000|  0%| F|  |TAMS 0x0000000713800000, 0x0000000713800000| Untracked 
|  76|0x0000000713a00000, 0x0000000713a00000, 0x0000000713c00000|  0%| F|  |TAMS 0x0000000713a00000, 0x0000000713a00000| Untracked 
|  77|0x0000000713c00000, 0x0000000713c00000, 0x0000000713e00000|  0%| F|  |TAMS 0x0000000713c00000, 0x0000000713c00000| Untracked 
|  78|0x0000000713e00000, 0x0000000713e00000, 0x0000000714000000|  0%| F|  |TAMS 0x0000000713e00000, 0x0000000713e00000| Untracked 
|  79|0x0000000714000000, 0x0000000714000000, 0x0000000714200000|  0%| F|  |TAMS 0x0000000714000000, 0x0000000714000000| Untracked 
|  80|0x0000000714200000, 0x0000000714200000, 0x0000000714400000|  0%| F|  |TAMS 0x0000000714200000, 0x0000000714200000| Untracked 
|  81|0x0000000714400000, 0x0000000714400000, 0x0000000714600000|  0%| F|  |TAMS 0x0000000714400000, 0x0000000714400000| Untracked 
|  82|0x0000000714600000, 0x0000000714600000, 0x0000000714800000|  0%| F|  |TAMS 0x0000000714600000, 0x0000000714600000| Untracked 
|  83|0x0000000714800000, 0x0000000714800000, 0x0000000714a00000|  0%| F|  |TAMS 0x0000000714800000, 0x0000000714800000| Untracked 
|  84|0x0000000714a00000, 0x0000000714a00000, 0x0000000714c00000|  0%| F|  |TAMS 0x0000000714a00000, 0x0000000714a00000| Untracked 
|  85|0x0000000714c00000, 0x0000000714c00000, 0x0000000714e00000|  0%| F|  |TAMS 0x0000000714c00000, 0x0000000714c00000| Untracked 
|  86|0x0000000714e00000, 0x0000000714e00000, 0x0000000715000000|  0%| F|  |TAMS 0x0000000714e00000, 0x0000000714e00000| Untracked 
|  87|0x0000000715000000, 0x0000000715000000, 0x0000000715200000|  0%| F|  |TAMS 0x0000000715000000, 0x0000000715000000| Untracked 
|  88|0x0000000715200000, 0x0000000715200000, 0x0000000715400000|  0%| F|  |TAMS 0x0000000715200000, 0x0000000715200000| Untracked 
|  89|0x0000000715400000, 0x0000000715400000, 0x0000000715600000|  0%| F|  |TAMS 0x0000000715400000, 0x0000000715400000| Untracked 
|  90|0x0000000715600000, 0x0000000715600000, 0x0000000715800000|  0%| F|  |TAMS 0x0000000715600000, 0x0000000715600000| Untracked 
|  91|0x0000000715800000, 0x0000000715800000, 0x0000000715a00000|  0%| F|  |TAMS 0x0000000715800000, 0x0000000715800000| Untracked 
|  92|0x0000000715a00000, 0x0000000715a00000, 0x0000000715c00000|  0%| F|  |TAMS 0x0000000715a00000, 0x0000000715a00000| Untracked 
|  93|0x0000000715c00000, 0x0000000715c00000, 0x0000000715e00000|  0%| F|  |TAMS 0x0000000715c00000, 0x0000000715c00000| Untracked 
|  94|0x0000000715e00000, 0x0000000715e00000, 0x0000000716000000|  0%| F|  |TAMS 0x0000000715e00000, 0x0000000715e00000| Untracked 
|  95|0x0000000716000000, 0x0000000716000000, 0x0000000716200000|  0%| F|  |TAMS 0x0000000716000000, 0x0000000716000000| Untracked 
|  96|0x0000000716200000, 0x0000000716200000, 0x0000000716400000|  0%| F|  |TAMS 0x0000000716200000, 0x0000000716200000| Untracked 
|  97|0x0000000716400000, 0x0000000716400000, 0x0000000716600000|  0%| F|  |TAMS 0x0000000716400000, 0x0000000716400000| Untracked 
|  98|0x0000000716600000, 0x0000000716600000, 0x0000000716800000|  0%| F|  |TAMS 0x0000000716600000, 0x0000000716600000| Untracked 
|  99|0x0000000716800000, 0x0000000716800000, 0x0000000716a00000|  0%| F|  |TAMS 0x0000000716800000, 0x0000000716800000| Untracked 
| 100|0x0000000716a00000, 0x0000000716a00000, 0x0000000716c00000|  0%| F|  |TAMS 0x0000000716a00000, 0x0000000716a00000| Untracked 
| 101|0x0000000716c00000, 0x0000000716c00000, 0x0000000716e00000|  0%| F|  |TAMS 0x0000000716c00000, 0x0000000716c00000| Untracked 
| 102|0x0000000716e00000, 0x0000000716e00000, 0x0000000717000000|  0%| F|  |TAMS 0x0000000716e00000, 0x0000000716e00000| Untracked 
| 103|0x0000000717000000, 0x0000000717000000, 0x0000000717200000|  0%| F|  |TAMS 0x0000000717000000, 0x0000000717000000| Untracked 
| 104|0x0000000717200000, 0x0000000717200000, 0x0000000717400000|  0%| F|  |TAMS 0x0000000717200000, 0x0000000717200000| Untracked 
| 105|0x0000000717400000, 0x0000000717400000, 0x0000000717600000|  0%| F|  |TAMS 0x0000000717400000, 0x0000000717400000| Untracked 
| 106|0x0000000717600000, 0x0000000717600000, 0x0000000717800000|  0%| F|  |TAMS 0x0000000717600000, 0x0000000717600000| Untracked 
| 107|0x0000000717800000, 0x0000000717800000, 0x0000000717a00000|  0%| F|  |TAMS 0x0000000717800000, 0x0000000717800000| Untracked 
| 108|0x0000000717a00000, 0x0000000717a00000, 0x0000000717c00000|  0%| F|  |TAMS 0x0000000717a00000, 0x0000000717a00000| Untracked 
| 109|0x0000000717c00000, 0x0000000717c00000, 0x0000000717e00000|  0%| F|  |TAMS 0x0000000717c00000, 0x0000000717c00000| Untracked 
| 110|0x0000000717e00000, 0x0000000717e00000, 0x0000000718000000|  0%| F|  |TAMS 0x0000000717e00000, 0x0000000717e00000| Untracked 
| 111|0x0000000718000000, 0x0000000718000000, 0x0000000718200000|  0%| F|  |TAMS 0x0000000718000000, 0x0000000718000000| Untracked 
| 112|0x0000000718200000, 0x0000000718200000, 0x0000000718400000|  0%| F|  |TAMS 0x0000000718200000, 0x0000000718200000| Untracked 
| 113|0x0000000718400000, 0x0000000718400000, 0x0000000718600000|  0%| F|  |TAMS 0x0000000718400000, 0x0000000718400000| Untracked 
| 114|0x0000000718600000, 0x0000000718600000, 0x0000000718800000|  0%| F|  |TAMS 0x0000000718600000, 0x0000000718600000| Untracked 
| 115|0x0000000718800000, 0x0000000718800000, 0x0000000718a00000|  0%| F|  |TAMS 0x0000000718800000, 0x0000000718800000| Untracked 
| 116|0x0000000718a00000, 0x0000000718a00000, 0x0000000718c00000|  0%| F|  |TAMS 0x0000000718a00000, 0x0000000718a00000| Untracked 
| 117|0x0000000718c00000, 0x0000000718c00000, 0x0000000718e00000|  0%| F|  |TAMS 0x0000000718c00000, 0x0000000718c00000| Untracked 
| 118|0x0000000718e00000, 0x0000000718e00000, 0x0000000719000000|  0%| F|  |TAMS 0x0000000718e00000, 0x0000000718e00000| Untracked 
| 119|0x0000000719000000, 0x00000007190716d8, 0x0000000719200000| 22%| E|  |TAMS 0x0000000719000000, 0x0000000719000000| Complete 
| 120|0x0000000719200000, 0x0000000719400000, 0x0000000719400000|100%| E|CS|TAMS 0x0000000719200000, 0x0000000719200000| Complete 
| 121|0x0000000719400000, 0x0000000719600000, 0x0000000719600000|100%| E|CS|TAMS 0x0000000719400000, 0x0000000719400000| Complete 
| 122|0x0000000719600000, 0x0000000719800000, 0x0000000719800000|100%| E|CS|TAMS 0x0000000719600000, 0x0000000719600000| Complete 

Card table byte_map: [0x00000236f4410000,0x00000236f4bc0000] _byte_map_base: 0x00000236f0bbf000

Marking Bits (Prev, Next): (CMBitMap*) 0x00000236ebc2ee20, (CMBitMap*) 0x00000236ebc2ee60
 Prev Bits: [0x00000236f5370000, 0x00000236f90e8000)
 Next Bits: [0x00000236f90f0000, 0x00000236fce68000)

Polling page: 0x00000236e9ba0000

Metaspace:

Usage:
  Non-class:   1013.91 KB used.
      Class:    102.24 KB used.
       Both:      1.09 MB used.

Virtual space:
  Non-class space:        8.00 MB reserved,       1.06 MB ( 13%) committed,  1 nodes.
      Class space:        1.00 GB reserved,     128.00 KB ( <1%) committed,  1 nodes.
             Both:        1.01 GB reserved,       1.19 MB ( <1%) committed. 

Chunk freelists:
   Non-Class:  3.77 MB
       Class:  3.70 MB
        Both:  7.46 MB

MaxMetaspaceSize: unlimited
CompressedClassSpaceSize: 1.00 GB
Initial GC threshold: 21.00 MB
Current GC threshold: 21.00 MB
CDS: on
MetaspaceReclaimPolicy: balanced
 - commit_granule_bytes: 65536.
 - commit_granule_words: 8192.
 - virtual_space_node_default_size: 1048576.
 - enlarge_chunks_in_place: 1.
 - new_chunks_are_fully_committed: 0.
 - uncommit_free_chunks: 1.
 - use_allocation_guard: 0.
 - handle_deallocations: 1.


Internal statistics:

num_allocs_failed_limit: 0.
num_arena_births: 28.
num_arena_deaths: 0.
num_vsnodes_births: 2.
num_vsnodes_deaths: 0.
num_space_committed: 19.
num_space_uncommitted: 0.
num_chunks_returned_to_freelist: 0.
num_chunks_taken_from_freelist: 49.
num_chunk_merges: 0.
num_chunk_splits: 28.
num_chunks_enlarged: 18.
num_purges: 0.
num_inconsistent_stats: 0.

CodeHeap 'non-profiled nmethods': size=119168Kb used=118Kb max_used=118Kb free=119049Kb
 bounds [0x0000023687ba0000, 0x0000023687e10000, 0x000002368f000000]
CodeHeap 'profiled nmethods': size=119104Kb used=495Kb max_used=495Kb free=118608Kb
 bounds [0x0000023680750000, 0x00000236809c0000, 0x0000023687ba0000]
CodeHeap 'non-nmethods': size=7488Kb used=2812Kb max_used=2823Kb free=4676Kb
 bounds [0x0000023680000000, 0x00000236802d0000, 0x0000023680750000]
 total_blobs=774 nmethods=368 adapters=316
 compilation: enabled
              stopped_count=0, restarted_count=0
 full_count=0

Compilation events (20 events):
Event: 0.102 Thread 0x000002368f925810 nmethod 348 0x00000236807be110 code [0x00000236807be2a0, 0x00000236807be3b8]
Event: 0.102 Thread 0x000002368f9150f0 nmethod 346 0x00000236807be490 code [0x00000236807be640, 0x00000236807be898]
Event: 0.102 Thread 0x000002368f8110a0 nmethod 347 0x00000236807be990 code [0x00000236807beb60, 0x00000236807bef98]
Event: 0.102 Thread 0x000002368f8110a0  350       3       jdk.internal.org.objectweb.asm.Frame::execute (2305 bytes)
Event: 0.102 Thread 0x000002368f925dd0  351       3       java.util.Arrays::equals (57 bytes)
Event: 0.103 Thread 0x000002368f925810  352       1       java.lang.invoke.LambdaForm$Name::index (5 bytes)
Event: 0.103 Thread 0x000002368f925810 nmethod 352 0x0000023687bbb890 code [0x0000023687bbba20, 0x0000023687bbbaf8]
Event: 0.103 Thread 0x000002368f925dd0 nmethod 351 0x00000236807bf210 code [0x00000236807bf400, 0x00000236807bf9e8]
Event: 0.103 Thread 0x000002368f925810  353       3       java.lang.Number::<init> (5 bytes)
Event: 0.103 Thread 0x000002368f9150f0  354       3       java.lang.Long::<init> (10 bytes)
Event: 0.103 Thread 0x000002368f925810 nmethod 353 0x00000236807bfb90 code [0x00000236807bfd20, 0x00000236807bfe78]
Event: 0.103 Thread 0x000002368f9150f0 nmethod 354 0x00000236807bff10 code [0x00000236807c00c0, 0x00000236807c0298]
Event: 0.103 Thread 0x000002368f9150f0  357       1       sun.invoke.util.Wrapper::basicTypeChar (5 bytes)
Event: 0.103 Thread 0x000002368f9150f0 nmethod 357 0x0000023687bbc190 code [0x0000023687bbc320, 0x0000023687bbc3f8]
Event: 0.104 Thread 0x000002368f93edf0  358       4       java.util.concurrent.ConcurrentHashMap::casTabAt (21 bytes)
Event: 0.104 Thread 0x000002368f925dd0  360       3       java.lang.invoke.MemberName::getMethodOrFieldType (72 bytes)
Event: 0.104 Thread 0x000002368f9150f0  361       3       java.lang.invoke.MethodTypeForm::canonicalize (59 bytes)
Event: 0.104 Thread 0x000002368f925810  362       3       java.lang.invoke.MethodType$ConcurrentWeakInternSet::add (66 bytes)
Event: 0.104 Thread 0x000002368f9150f0 nmethod 361 0x00000236807c0390 code [0x00000236807c0560, 0x00000236807c0888]
Event: 0.104 Thread 0x000002368f9150f0  365       3       java.lang.invoke.LambdaForm::internArgument (85 bytes)

GC Heap History (0 events):
No events

Deoptimization events (20 events):
Event: 0.066 Thread 0x00000236ebbde900 DEOPT PACKING pc=0x0000023680780c0c sp=0x000000d5106fe1c0
Event: 0.066 Thread 0x00000236ebbde900 DEOPT UNPACKING pc=0x0000023680052b43 sp=0x000000d5106fd650 mode 0
Event: 0.066 Thread 0x00000236ebbde900 DEOPT PACKING pc=0x0000023680780c0c sp=0x000000d5106fe1c0
Event: 0.067 Thread 0x00000236ebbde900 DEOPT UNPACKING pc=0x0000023680052b43 sp=0x000000d5106fd650 mode 0
Event: 0.067 Thread 0x00000236ebbde900 DEOPT PACKING pc=0x0000023680780c0c sp=0x000000d5106fe1c0
Event: 0.067 Thread 0x00000236ebbde900 DEOPT UNPACKING pc=0x0000023680052b43 sp=0x000000d5106fd650 mode 0
Event: 0.067 Thread 0x00000236ebbde900 DEOPT PACKING pc=0x0000023680780c0c sp=0x000000d5106fe1c0
Event: 0.067 Thread 0x00000236ebbde900 DEOPT UNPACKING pc=0x0000023680052b43 sp=0x000000d5106fd650 mode 0
Event: 0.067 Thread 0x00000236ebbde900 DEOPT PACKING pc=0x0000023680780c0c sp=0x000000d5106fe1c0
Event: 0.067 Thread 0x00000236ebbde900 DEOPT UNPACKING pc=0x0000023680052b43 sp=0x000000d5106fd650 mode 0
Event: 0.067 Thread 0x00000236ebbde900 DEOPT PACKING pc=0x0000023680780c0c sp=0x000000d5106fe1c0
Event: 0.067 Thread 0x00000236ebbde900 DEOPT UNPACKING pc=0x0000023680052b43 sp=0x000000d5106fd650 mode 0
Event: 0.067 Thread 0x00000236ebbde900 DEOPT PACKING pc=0x0000023680780c0c sp=0x000000d5106fe1c0
Event: 0.067 Thread 0x00000236ebbde900 DEOPT UNPACKING pc=0x0000023680052b43 sp=0x000000d5106fd650 mode 0
Event: 0.067 Thread 0x00000236ebbde900 DEOPT PACKING pc=0x0000023680780c0c sp=0x000000d5106fe1c0
Event: 0.067 Thread 0x00000236ebbde900 DEOPT UNPACKING pc=0x0000023680052b43 sp=0x000000d5106fd650 mode 0
Event: 0.067 Thread 0x00000236ebbde900 DEOPT PACKING pc=0x0000023680780c0c sp=0x000000d5106fe1c0
Event: 0.067 Thread 0x00000236ebbde900 DEOPT UNPACKING pc=0x0000023680052b43 sp=0x000000d5106fd650 mode 0
Event: 0.067 Thread 0x00000236ebbde900 DEOPT PACKING pc=0x0000023680780c0c sp=0x000000d5106fe1c0
Event: 0.067 Thread 0x00000236ebbde900 DEOPT UNPACKING pc=0x0000023680052b43 sp=0x000000d5106fd650 mode 0

Classes unloaded (0 events):
No events

Classes redefined (0 events):
No events

Internal exceptions (3 events):
Event: 0.076 Thread 0x000002368fa4b890 Exception <a 'java/lang/NoSuchMethodError'{0x00000007195e7a50}: 'java.lang.Object java.lang.invoke.DirectMethodHandle$Holder.invokeStaticInit(java.lang.Object)'> (0x00000007195e7a50) 
thrown [t:\workspace\open\src\hotspot\share\interpreter\linkResolver.cpp, line 766]
Event: 0.080 Thread 0x000002368fa4b890 Exception <a 'java/lang/NoSuchMethodError'{0x00000007195f58b8}: 'void java.lang.invoke.DirectMethodHandle$Holder.invokeStatic(java.lang.Object, java.lang.Object)'> (0x00000007195f58b8) 
thrown [t:\workspace\open\src\hotspot\share\interpreter\linkResolver.cpp, line 766]
Event: 0.084 Thread 0x00000236ebbde900 Exception <a 'java/lang/NoSuchMethodError'{0x0000000719220ac0}: 'int java.lang.invoke.DirectMethodHandle$Holder.invokeStaticInit(java.lang.Object, java.lang.Object)'> (0x0000000719220ac0) 
thrown [t:\workspace\open\src\hotspot\share\interpreter\linkResolver.cpp, line 766]

VM Operations (4 events):
Event: 0.044 Executing VM operation: HandshakeAllThreads
Event: 0.044 Executing VM operation: HandshakeAllThreads done
Event: 0.075 Executing VM operation: HandshakeAllThreads
Event: 0.075 Executing VM operation: HandshakeAllThreads done

Events (20 events):
Event: 0.083 loading class sun/nio/ch/Util$1
Event: 0.083 loading class sun/nio/ch/Util$1 done
Event: 0.083 loading class sun/nio/ch/Util$BufferCache
Event: 0.083 loading class sun/nio/ch/Util$BufferCache done
Event: 0.083 loading class java/nio/DirectByteBuffer$Deallocator
Event: 0.083 loading class java/nio/DirectByteBuffer$Deallocator done
Event: 0.092 loading class java/lang/IllegalAccessError
Event: 0.092 loading class java/lang/IllegalAccessError done
Event: 0.092 loading class java/lang/SecurityException
Event: 0.092 loading class java/lang/SecurityException done
Event: 0.097 loading class java/util/IdentityHashMap$EntrySet
Event: 0.097 loading class java/util/IdentityHashMap$EntrySet done
Event: 0.097 loading class java/util/IdentityHashMap$EntryIterator
Event: 0.097 loading class java/util/IdentityHashMap$EntryIterator done
Event: 0.097 loading class java/util/IdentityHashMap$EntryIterator$Entry
Event: 0.097 loading class java/util/IdentityHashMap$EntryIterator$Entry done
Event: 0.097 loading class java/util/IdentityHashMap$ValueIterator
Event: 0.097 loading class java/util/IdentityHashMap$ValueIterator done
Event: 0.098 loading class java/io/Externalizable
Event: 0.098 loading class java/io/Externalizable done


Dynamic libraries:
0x00007ff7cfb40000 - 0x00007ff7cfb4e000 	C:\Users\dlatf\.jdks\openjdk-17.0.1\bin\java.exe
0x00007ffed1530000 - 0x00007ffed1728000 	C:\Windows\SYSTEM32\ntdll.dll
0x00007ffed0580000 - 0x00007ffed063d000 	C:\Windows\System32\KERNEL32.DLL
0x00007ffecf060000 - 0x00007ffecf32e000 	C:\Windows\System32\KERNELBASE.dll
0x00007ffecf330000 - 0x00007ffecf430000 	C:\Windows\System32\ucrtbase.dll
0x00007ffebe210000 - 0x00007ffebe228000 	C:\Users\dlatf\.jdks\openjdk-17.0.1\bin\jli.dll
0x00007ffebe230000 - 0x00007ffebe24a000 	C:\Users\dlatf\.jdks\openjdk-17.0.1\bin\VCRUNTIME140.dll
0x00007ffed06f0000 - 0x00007ffed0890000 	C:\Windows\System32\USER32.dll
0x00007ffebbad0000 - 0x00007ffebbd6a000 	C:\Windows\WinSxS\amd64_microsoft.windows.common-controls_6595b64144ccf1df_6.0.19041.1110_none_60b5254171f9507e\COMCTL32.dll
0x00007ffecf030000 - 0x00007ffecf052000 	C:\Windows\System32\win32u.dll
0x00007ffed0650000 - 0x00007ffed06ee000 	C:\Windows\System32\msvcrt.dll
0x00007ffed1130000 - 0x00007ffed115a000 	C:\Windows\System32\GDI32.dll
0x00007ffeceed0000 - 0x00007ffecefdb000 	C:\Windows\System32\gdi32full.dll
0x00007ffecf4c0000 - 0x00007ffecf55d000 	C:\Windows\System32\msvcp_win.dll
0x00007ffed14c0000 - 0x00007ffed14f0000 	C:\Windows\System32\IMM32.DLL
0x00007ffecc580000 - 0x00007ffecc58c000 	C:\Users\dlatf\.jdks\openjdk-17.0.1\bin\vcruntime140_1.dll
0x00007ffe95a70000 - 0x00007ffe95afd000 	C:\Users\dlatf\.jdks\openjdk-17.0.1\bin\msvcp140.dll
0x00007ffe44880000 - 0x00007ffe4543e000 	C:\Users\dlatf\.jdks\openjdk-17.0.1\bin\server\jvm.dll
0x00007ffed0420000 - 0x00007ffed04ce000 	C:\Windows\System32\ADVAPI32.dll
0x00007ffed0250000 - 0x00007ffed02ec000 	C:\Windows\System32\sechost.dll
0x00007ffed02f0000 - 0x00007ffed0415000 	C:\Windows\System32\RPCRT4.dll
0x00007ffecff00000 - 0x00007ffecff08000 	C:\Windows\System32\PSAPI.DLL
0x00007ffeaace0000 - 0x00007ffeaace9000 	C:\Windows\SYSTEM32\WSOCK32.dll
0x00007ffec6780000 - 0x00007ffec67a7000 	C:\Windows\SYSTEM32\WINMM.dll
0x00007ffecff80000 - 0x00007ffecffeb000 	C:\Windows\System32\WS2_32.dll
0x00007ffec67b0000 - 0x00007ffec67ba000 	C:\Windows\SYSTEM32\VERSION.dll
0x00007ffeccb50000 - 0x00007ffeccb62000 	C:\Windows\SYSTEM32\kernel.appcore.dll
0x00007ffebe200000 - 0x00007ffebe20a000 	C:\Users\dlatf\.jdks\openjdk-17.0.1\bin\jimage.dll
0x00007ffec1800000 - 0x00007ffec19e4000 	C:\Windows\SYSTEM32\DBGHELP.DLL
0x00007ffebb340000 - 0x00007ffebb36c000 	C:\Windows\SYSTEM32\dbgcore.DLL
0x00007ffecf430000 - 0x00007ffecf4b2000 	C:\Windows\System32\bcryptPrimitives.dll
0x00007ffeb3060000 - 0x00007ffeb306e000 	C:\Users\dlatf\.jdks\openjdk-17.0.1\bin\instrument.dll
0x00007ffebe1d0000 - 0x00007ffebe1f5000 	C:\Users\dlatf\.jdks\openjdk-17.0.1\bin\java.dll
0x00007ffe95990000 - 0x00007ffe95a66000 	C:\Users\dlatf\.jdks\openjdk-17.0.1\bin\svml.dll
0x00007ffed09e0000 - 0x00007ffed1124000 	C:\Windows\System32\SHELL32.dll
0x00007ffeccd50000 - 0x00007ffecd4e4000 	C:\Windows\SYSTEM32\windows.storage.dll
0x00007ffed1160000 - 0x00007ffed14b4000 	C:\Windows\System32\combase.dll
0x00007ffece6b0000 - 0x00007ffece6e0000 	C:\Windows\SYSTEM32\Wldp.dll
0x00007ffed04d0000 - 0x00007ffed057d000 	C:\Windows\System32\SHCORE.dll
0x00007ffecfea0000 - 0x00007ffecfef5000 	C:\Windows\System32\shlwapi.dll
0x00007ffeceb90000 - 0x00007ffecebaf000 	C:\Windows\SYSTEM32\profapi.dll
0x00007ffeb3990000 - 0x00007ffeb39a8000 	C:\Users\dlatf\.jdks\openjdk-17.0.1\bin\zip.dll
0x00007ffebe1b0000 - 0x00007ffebe1c9000 	C:\Users\dlatf\.jdks\openjdk-17.0.1\bin\net.dll
0x00007ffec5500000 - 0x00007ffec560a000 	C:\Windows\SYSTEM32\WINHTTP.dll
0x00007ffece3a0000 - 0x00007ffece40a000 	C:\Windows\system32\mswsock.dll
0x00007ffeb39b0000 - 0x00007ffeb39c5000 	C:\Users\dlatf\.jdks\openjdk-17.0.1\bin\nio.dll
0x00007ffeb2ff0000 - 0x00007ffeb300a000 	D:\IntelliJ IDEA 2022.3\bin\breakgen64.dll

dbghelp: loaded successfully - version: 4.0.5 - missing functions: none
symbol engine: initialized successfully - sym options: 0x614 - pdb path: .;C:\Users\dlatf\.jdks\openjdk-17.0.1\bin;C:\Windows\SYSTEM32;C:\Windows\WinSxS\amd64_microsoft.windows.common-controls_6595b64144ccf1df_6.0.19041.1110_none_60b5254171f9507e;C:\Users\dlatf\.jdks\openjdk-17.0.1\bin\server;D:\IntelliJ IDEA 2022.3\bin

VM Arguments:
jvm_args: -javaagent:D:\IntelliJ IDEA 2022.3\lib\idea_rt.jar=56257:D:\IntelliJ IDEA 2022.3\bin -Dfile.encoding=UTF-8 
java_command: org.example.App
java_class_path (initial): C:\Users\dlatf\IdeaProjects\sensor\target\classes;C:\Users\dlatf\.m2\repository\com\fasterxml\jackson\core\jackson-databind\2.15.2\jackson-databind-2.15.2.jar;C:\Users\dlatf\.m2\repository\com\fasterxml\jackson\core\jackson-annotations\2.15.2\jackson-annotations-2.15.2.jar;C:\Users\dlatf\.m2\repository\com\fasterxml\jackson\core\jackson-core\2.15.2\jackson-core-2.15.2.jar;C:\Users\dlatf\.m2\repository\org\springframework\spring-web\6.0.10\spring-web-6.0.10.jar;C:\Users\dlatf\.m2\repository\org\springframework\spring-beans\6.0.10\spring-beans-6.0.10.jar;C:\Users\dlatf\.m2\repository\org\springframework\spring-core\6.0.10\spring-core-6.0.10.jar;C:\Users\dlatf\.m2\repository\org\springframework\spring-jcl\6.0.10\spring-jcl-6.0.10.jar;C:\Users\dlatf\.m2\repository\io\micrometer\micrometer-observation\1.10.8\micrometer-observation-1.10.8.jar;C:\Users\dlatf\.m2\repository\io\micrometer\micrometer-commons\1.10.8\micrometer-commons-1.10.8.jar
Launcher Type: SUN_STANDARD

[Global flags]
     intx CICompilerCount                          = 12                                        {product} {ergonomic}
     uint ConcGCThreads                            = 3                                         {product} {ergonomic}
     uint G1ConcRefinementThreads                  = 13                                        {product} {ergonomic}
   size_t G1HeapRegionSize                         = 2097152                                   {product} {ergonomic}
    uintx GCDrainStackTargetSize                   = 64                                        {product} {ergonomic}
   size_t InitialHeapSize                          = 257949696                                 {product} {ergonomic}
   size_t MarkStackSize                            = 4194304                                   {product} {ergonomic}
   size_t MaxHeapSize                              = 4125097984                                {product} {ergonomic}
   size_t MaxNewSize                               = 2474639360                                {product} {ergonomic}
   size_t MinHeapDeltaBytes                        = 2097152                                   {product} {ergonomic}
   size_t MinHeapSize                              = 8388608                                   {product} {ergonomic}
    uintx NonNMethodCodeHeapSize                   = 7602480                                {pd product} {ergonomic}
    uintx NonProfiledCodeHeapSize                  = 122027880                              {pd product} {ergonomic}
    uintx ProfiledCodeHeapSize                     = 122027880                              {pd product} {ergonomic}
    uintx ReservedCodeCacheSize                    = 251658240                              {pd product} {ergonomic}
     bool SegmentedCodeCache                       = true                                      {product} {ergonomic}
   size_t SoftMaxHeapSize                          = 4125097984                             {manageable} {ergonomic}
     bool UseCompressedClassPointers               = true                           {product lp64_product} {ergonomic}
     bool UseCompressedOops                        = true                           {product lp64_product} {ergonomic}
     bool UseG1GC                                  = true                                      {product} {ergonomic}
     bool UseLargePagesIndividualAllocation        = false                                  {pd product} {ergonomic}

Logging:
Log output configuration:
 #0: stdout all=warning uptime,level,tags
 #1: stderr all=off uptime,level,tags

Environment Variables:
PATH=C:\Program Files (x86)\VMware\VMware Workstation\bin\;C:\Windows\system32;C:\Windows;C:\Windows\System32\Wbem;C:\Windows\System32\WindowsPowerShell\v1.0\;C:\Windows\System32\OpenSSH\;C:\Program Files\PuTTY\;C:\Users\dlatf\AppData\Local\Programs\Python\Python310;C:\Users\dlatf\AppData\Local\Programs\Python\Python310\Scripts;C:\Program Files\Git\cmd;C:\Users\dlatf\AppData\Roaming\Microsoft\Windows\Start Menu\Programs\Python 3.10
USERNAME=Damirok
OS=Windows_NT
PROCESSOR_IDENTIFIER=AMD64 Family 23 Model 96 Stepping 1, AuthenticAMD



---------------  S Y S T E M  ---------------

OS:
 Windows 10 , 64 bit Build 19041 (10.0.19041.1806)
OS uptime: 0 days 6:28 hours

CPU: total 16 (initial active 16) (16 cores per cpu, 2 threads per core) family 23 model 96 stepping 1 microcode 0x0, cx8, cmov, fxsr, ht, mmx, 3dnowpref, sse, sse2, sse3, ssse3, sse4a, sse4.1, sse4.2, popcnt, lzcnt, tsc, tscinvbit, avx, avx2, aes, clmul, bmi1, bmi2, adx, sha, fma, vzeroupper, clflush, clflushopt

Memory: 4k page, system-wide physical 15732M (5324M free)
TotalPageFile size 17780M (AvailPageFile size 2M)
current process WorkingSet (physical memory assigned to process): 40M, peak: 40M
current process commit charge ("private bytes"): 347M, peak: 347M

vm_info: OpenJDK 64-Bit Server VM (17.0.1+12-39) for windows-amd64 JRE (17.0.1+12-39), built on Sep 27 2021 18:39:29 by "mach5one" with MS VC++ 16.8 (VS2019)

END.
