#
# There is insufficient memory for the Java Runtime Environment to continue.
# Native memory allocation (mmap) failed to map 257949696 bytes for G1 virtual space
# Possible reasons:
#   The system is out of physical RAM or swap space
#   The process is running with CompressedOops enabled, and the Java Heap may be blocking the growth of the native heap
# Possible solutions:
#   Reduce memory load on the system
#   Increase physical memory or swap space
#   Check if swap backing store is full
#   Decrease Java heap size (-Xmx/-Xms)
#   Decrease number of Java threads
#   Decrease Java thread stack sizes (-Xss)
#   Set larger code cache with -XX:ReservedCodeCacheSize=
#   JVM is running with Zero Based Compressed Oops mode in which the Java heap is
#     placed in the first 32GB address space. The Java Heap base address is the
#     maximum limit for the native heap growth. Please use -XX:HeapBaseMinAddress
#     to set the Java Heap base and to place the Java Heap above 32GB virtual address.
# This output file may be truncated or incomplete.
#
#  Out of Memory Error (os_windows.cpp:3469), pid=14604, tid=4452
#
# JRE version:  (17.0.1+12) (build )
# Java VM: OpenJDK 64-Bit Server VM (17.0.1+12-39, mixed mode, sharing, tiered, compressed oops, compressed class ptrs, g1 gc, windows-amd64)
# No core dump will be written. Minidumps are not enabled by default on client versions of Windows
#

---------------  S U M M A R Y ------------

Command Line: -javaagent:D:\IntelliJ IDEA 2022.3\lib\idea_rt.jar=56523:D:\IntelliJ IDEA 2022.3\bin -Dfile.encoding=UTF-8 org.example.App

Host: AMD Ryzen 7 4800H with Radeon Graphics         , 16 cores, 15G,  Windows 10 , 64 bit Build 19041 (10.0.19041.1806)
Time: Thu Jul  6 20:46:02 2023  Windows 10 , 64 bit Build 19041 (10.0.19041.1806) elapsed time: 0.007973 seconds (0d 0h 0m 0s)

---------------  T H R E A D  ---------------

Current thread (0x0000017f069ec020):  JavaThread "Unknown thread" [_thread_in_vm, id=4452, stack(0x0000002dffb00000,0x0000002dffc00000)]

Stack: [0x0000002dffb00000,0x0000002dffc00000]
Native frames: (J=compiled Java code, j=interpreted, Vv=VM code, C=native code)
V  [jvm.dll+0x66fa1a]
V  [jvm.dll+0x7ce5a4]
V  [jvm.dll+0x7cfd4e]
V  [jvm.dll+0x7d03b3]
V  [jvm.dll+0x242b05]
V  [jvm.dll+0x66ca39]
V  [jvm.dll+0x661502]
V  [jvm.dll+0x30081b]
V  [jvm.dll+0x307da6]
V  [jvm.dll+0x357a1e]
V  [jvm.dll+0x357c4f]
V  [jvm.dll+0x2d7ad8]
V  [jvm.dll+0x2d8a44]
V  [jvm.dll+0x7a01e1]
V  [jvm.dll+0x365791]
V  [jvm.dll+0x77f6cc]
V  [jvm.dll+0x3e812f]
V  [jvm.dll+0x3e9bd1]
C  [jli.dll+0x527b]
C  [ucrtbase.dll+0x21bb2]
C  [KERNEL32.DLL+0x17034]
C  [ntdll.dll+0x52651]


---------------  P R O C E S S  ---------------

Threads class SMR info:
_java_thread_list=0x00007ffe45317818, length=0, elements={
}

Java Threads: ( => current thread )

Other Threads:
  0x0000017f06a39ff0 GCTaskThread "GC Thread#0" [stack: 0x0000002dffc00000,0x0000002dffd00000] [id=11404]
  0x0000017f06a4a500 ConcurrentGCThread "G1 Main Marker" [stack: 0x0000002dffd00000,0x0000002dffe00000] [id=3980]
  0x0000017f06a4af10 ConcurrentGCThread "G1 Conc#0" [stack: 0x0000002dffe00000,0x0000002dfff00000] [id=12400]

[error occurred during error reporting (printing all threads), id 0xc0000005, EXCEPTION_ACCESS_VIOLATION (0xc0000005) at pc=0x00007ffe44b684b7]

VM state: not at safepoint (not fully initialized)

VM Mutex/Monitor currently owned by a thread:  ([mutex/lock_event])
[0x0000017f069e62f0] Heap_lock - owner thread: 0x0000017f069ec020

Heap address: 0x000000070a200000, size: 3934 MB, Compressed Oops mode: Zero based, Oop shift amount: 3

CDS archive(s) mapped at: [0x0000000000000000-0x0000000000000000-0x0000000000000000), size 0, SharedBaseAddress: 0x0000000800000000, ArchiveRelocationMode: 0.
Narrow klass base: 0x0000000000000000, Narrow klass shift: 0, Narrow klass range: 0x0

GC Precious Log:
<Empty>

Heap:
 garbage-first heap   total 0K, used 0K [0x000000070a200000, 0x0000000800000000)
  region size 2048K, 0 young (0K), 0 survivors (0K)

[error occurred during error reporting (printing heap information), id 0xc0000005, EXCEPTION_ACCESS_VIOLATION (0xc0000005) at pc=0x00007ffe44f48d89]

GC Heap History (0 events):
No events

Deoptimization events (0 events):
No events

Classes unloaded (0 events):
No events

Classes redefined (0 events):
No events

Internal exceptions (0 events):
No events

VM Operations (0 events):
No events

Events (1 events):
Event: 0.005 Loaded shared library C:\Users\dlatf\.jdks\openjdk-17.0.1\bin\java.dll


Dynamic libraries:
0x00007ff7cfb40000 - 0x00007ff7cfb4e000 	C:\Users\dlatf\.jdks\openjdk-17.0.1\bin\java.exe
0x00007ffed1530000 - 0x00007ffed1728000 	C:\Windows\SYSTEM32\ntdll.dll
0x00007ffed0580000 - 0x00007ffed063d000 	C:\Windows\System32\KERNEL32.DLL
0x00007ffecf060000 - 0x00007ffecf32e000 	C:\Windows\System32\KERNELBASE.dll
0x00007ffecf330000 - 0x00007ffecf430000 	C:\Windows\System32\ucrtbase.dll
0x00007ffebe230000 - 0x00007ffebe24a000 	C:\Users\dlatf\.jdks\openjdk-17.0.1\bin\VCRUNTIME140.dll
0x00007ffebe210000 - 0x00007ffebe228000 	C:\Users\dlatf\.jdks\openjdk-17.0.1\bin\jli.dll
0x00007ffed06f0000 - 0x00007ffed0890000 	C:\Windows\System32\USER32.dll
0x00007ffecf030000 - 0x00007ffecf052000 	C:\Windows\System32\win32u.dll
0x00007ffebbad0000 - 0x00007ffebbd6a000 	C:\Windows\WinSxS\amd64_microsoft.windows.common-controls_6595b64144ccf1df_6.0.19041.1110_none_60b5254171f9507e\COMCTL32.dll
0x00007ffed1130000 - 0x00007ffed115a000 	C:\Windows\System32\GDI32.dll
0x00007ffed0650000 - 0x00007ffed06ee000 	C:\Windows\System32\msvcrt.dll
0x00007ffeceed0000 - 0x00007ffecefdb000 	C:\Windows\System32\gdi32full.dll
0x00007ffecf4c0000 - 0x00007ffecf55d000 	C:\Windows\System32\msvcp_win.dll
0x00007ffed14c0000 - 0x00007ffed14f0000 	C:\Windows\System32\IMM32.DLL
0x00007ffecc580000 - 0x00007ffecc58c000 	C:\Users\dlatf\.jdks\openjdk-17.0.1\bin\vcruntime140_1.dll
0x00007ffe95a70000 - 0x00007ffe95afd000 	C:\Users\dlatf\.jdks\openjdk-17.0.1\bin\msvcp140.dll
0x00007ffe44880000 - 0x00007ffe4543e000 	C:\Users\dlatf\.jdks\openjdk-17.0.1\bin\server\jvm.dll
0x00007ffed0420000 - 0x00007ffed04ce000 	C:\Windows\System32\ADVAPI32.dll
0x00007ffed0250000 - 0x00007ffed02ec000 	C:\Windows\System32\sechost.dll
0x00007ffed02f0000 - 0x00007ffed0415000 	C:\Windows\System32\RPCRT4.dll
0x00007ffecff00000 - 0x00007ffecff08000 	C:\Windows\System32\PSAPI.DLL
0x00007ffeaace0000 - 0x00007ffeaace9000 	C:\Windows\SYSTEM32\WSOCK32.dll
0x00007ffec67b0000 - 0x00007ffec67ba000 	C:\Windows\SYSTEM32\VERSION.dll
0x00007ffec6780000 - 0x00007ffec67a7000 	C:\Windows\SYSTEM32\WINMM.dll
0x00007ffecff80000 - 0x00007ffecffeb000 	C:\Windows\System32\WS2_32.dll
0x00007ffeccb50000 - 0x00007ffeccb62000 	C:\Windows\SYSTEM32\kernel.appcore.dll
0x00007ffebe200000 - 0x00007ffebe20a000 	C:\Users\dlatf\.jdks\openjdk-17.0.1\bin\jimage.dll
0x00007ffec1800000 - 0x00007ffec19e4000 	C:\Windows\SYSTEM32\DBGHELP.DLL
0x00007ffebb340000 - 0x00007ffebb36c000 	C:\Windows\SYSTEM32\dbgcore.DLL
0x00007ffecf430000 - 0x00007ffecf4b2000 	C:\Windows\System32\bcryptPrimitives.dll
0x00007ffebe190000 - 0x00007ffebe19e000 	C:\Users\dlatf\.jdks\openjdk-17.0.1\bin\instrument.dll
0x00007ffebe1d0000 - 0x00007ffebe1f5000 	C:\Users\dlatf\.jdks\openjdk-17.0.1\bin\java.dll

dbghelp: loaded successfully - version: 4.0.5 - missing functions: none
symbol engine: initialized successfully - sym options: 0x614 - pdb path: .;C:\Users\dlatf\.jdks\openjdk-17.0.1\bin;C:\Windows\SYSTEM32;C:\Windows\WinSxS\amd64_microsoft.windows.common-controls_6595b64144ccf1df_6.0.19041.1110_none_60b5254171f9507e;C:\Users\dlatf\.jdks\openjdk-17.0.1\bin\server

VM Arguments:
jvm_args: -javaagent:D:\IntelliJ IDEA 2022.3\lib\idea_rt.jar=56523:D:\IntelliJ IDEA 2022.3\bin -Dfile.encoding=UTF-8 
java_command: org.example.App
java_class_path (initial): C:\Users\dlatf\IdeaProjects\sensor\target\classes;C:\Users\dlatf\.m2\repository\com\fasterxml\jackson\core\jackson-databind\2.15.2\jackson-databind-2.15.2.jar;C:\Users\dlatf\.m2\repository\com\fasterxml\jackson\core\jackson-annotations\2.15.2\jackson-annotations-2.15.2.jar;C:\Users\dlatf\.m2\repository\com\fasterxml\jackson\core\jackson-core\2.15.2\jackson-core-2.15.2.jar;C:\Users\dlatf\.m2\repository\org\springframework\spring-web\6.0.10\spring-web-6.0.10.jar;C:\Users\dlatf\.m2\repository\org\springframework\spring-beans\6.0.10\spring-beans-6.0.10.jar;C:\Users\dlatf\.m2\repository\org\springframework\spring-core\6.0.10\spring-core-6.0.10.jar;C:\Users\dlatf\.m2\repository\org\springframework\spring-jcl\6.0.10\spring-jcl-6.0.10.jar;C:\Users\dlatf\.m2\repository\io\micrometer\micrometer-observation\1.10.8\micrometer-observation-1.10.8.jar;C:\Users\dlatf\.m2\repository\io\micrometer\micrometer-commons\1.10.8\micrometer-commons-1.10.8.jar
Launcher Type: SUN_STANDARD

[Global flags]
     intx CICompilerCount                          = 12                                        {product} {ergonomic}
     uint ConcGCThreads                            = 3                                         {product} {ergonomic}
     uint G1ConcRefinementThreads                  = 13                                        {product} {ergonomic}
   size_t G1HeapRegionSize                         = 2097152                                   {product} {ergonomic}
    uintx GCDrainStackTargetSize                   = 64                                        {product} {ergonomic}
   size_t InitialHeapSize                          = 257949696                                 {product} {ergonomic}
   size_t MarkStackSize                            = 4194304                                   {product} {ergonomic}
   size_t MaxHeapSize                              = 4125097984                                {product} {ergonomic}
   size_t MinHeapDeltaBytes                        = 2097152                                   {product} {ergonomic}
   size_t MinHeapSize                              = 8388608                                   {product} {ergonomic}
    uintx NonNMethodCodeHeapSize                   = 7602480                                {pd product} {ergonomic}
    uintx NonProfiledCodeHeapSize                  = 122027880                              {pd product} {ergonomic}
    uintx ProfiledCodeHeapSize                     = 122027880                              {pd product} {ergonomic}
    uintx ReservedCodeCacheSize                    = 251658240                              {pd product} {ergonomic}
     bool SegmentedCodeCache                       = true                                      {product} {ergonomic}
   size_t SoftMaxHeapSize                          = 4125097984                             {manageable} {ergonomic}
     bool UseCompressedClassPointers               = true                           {product lp64_product} {ergonomic}
     bool UseCompressedOops                        = true                           {product lp64_product} {ergonomic}
     bool UseG1GC                                  = true                                      {product} {ergonomic}
     bool UseLargePagesIndividualAllocation        = false                                  {pd product} {ergonomic}

Logging:
Log output configuration:
 #0: stdout all=warning uptime,level,tags
 #1: stderr all=off uptime,level,tags

Environment Variables:
PATH=C:\Program Files (x86)\VMware\VMware Workstation\bin\;C:\Windows\system32;C:\Windows;C:\Windows\System32\Wbem;C:\Windows\System32\WindowsPowerShell\v1.0\;C:\Windows\System32\OpenSSH\;C:\Program Files\PuTTY\;C:\Users\dlatf\AppData\Local\Programs\Python\Python310;C:\Users\dlatf\AppData\Local\Programs\Python\Python310\Scripts;C:\Program Files\Git\cmd;C:\Users\dlatf\AppData\Roaming\Microsoft\Windows\Start Menu\Programs\Python 3.10
USERNAME=Damirok
OS=Windows_NT
PROCESSOR_IDENTIFIER=AMD64 Family 23 Model 96 Stepping 1, AuthenticAMD



---------------  S Y S T E M  ---------------

OS:
 Windows 10 , 64 bit Build 19041 (10.0.19041.1806)
OS uptime: 0 days 6:35 hours

CPU: total 16 (initial active 16) (16 cores per cpu, 2 threads per core) family 23 model 96 stepping 1 microcode 0x0, cx8, cmov, fxsr, ht, mmx, 3dnowpref, sse, sse2, sse3, ssse3, sse4a, sse4.1, sse4.2, popcnt, lzcnt, tsc, tscinvbit, avx, avx2, aes, clmul, bmi1, bmi2, adx, sha, fma, vzeroupper, clflush, clflushopt

Memory: 4k page, system-wide physical 15732M (5287M free)
TotalPageFile size 17780M (AvailPageFile size 188M)
current process WorkingSet (physical memory assigned to process): 10M, peak: 10M
current process commit charge ("private bytes"): 70M, peak: 316M

vm_info: OpenJDK 64-Bit Server VM (17.0.1+12-39) for windows-amd64 JRE (17.0.1+12-39), built on Sep 27 2021 18:39:29 by "mach5one" with MS VC++ 16.8 (VS2019)

END.
